PocketMine-MP Crash Dump Mon Jun 28 09:51:59 +07 2021

Error: Call to undefined method pocketmine\level\biome\UnknownBiome::getBaseHeight()
File: plugins/WorldGenerator.phar/src/BlockHorizons/BlockGenerator/Loader
Line: 54
Type: Error

THIS CRASH WAS CAUSED BY A PLUGIN
BAD PLUGIN: BlockGenerator v0.1.0_beta

Code:
[45]         $this->getServer()->getPluginManager()->registerEvents($this, $this);
[46]     }
[47] 
[48] 	public function onPlayerMove(PlayerMoveEvent $event) {
[49] 		$player = $event->getPlayer();
[50]         if($player->getInventory()->getItemInHand()->getId() !== ItemIds::STICK) return;
[51] 
[52] 		$chunk = $player->getLevel()->getChunk($cx = $player->x >> 4, $cz = $player->z >> 4);
[53] 		$biome = CustomBiome::getBiome($chunk->getBiomeId($rx = $player->x % 16, $rz = $player->z % 16));
[54] 		$player->sendTip("Chunk($cx, $cz)"."\n"."Biome @ {$rx}, {$rz}: ".$biome->getName()." ({$biome->getId()})"."\n"."Temperature: ".$biome->getTemperature()."\n"."Rainfall: ".$biome->getRainfall()." Elevation: ".$biome->getBaseHeight()." variation: ".$biome->getHeightVariation());
[55] 	}
[56] 
[57] 	public static function pretty_constant(string $s) : string {
[58] 		$p = explode("_", $s);
[59] 		$r = "";
[60] 		foreach($p as $pp) {
[61] 			$r .= ucfirst(strtolower($pp))." ";
[62] 		}
[63] 		return trim($r);
[64] 	}

Backtrace:
#0 pmsrc/src/pocketmine/plugin/MethodEventExecutor(42): BlockHorizons\BlockGenerator\Loader->onPlayerMove(object pocketmine\event\player\PlayerMoveEvent)
#1 pmsrc/src/pocketmine/plugin/RegisteredListener(80): pocketmine\plugin\MethodEventExecutor->execute(object BlockHorizons\BlockGenerator\Loader, object pocketmine\event\player\PlayerMoveEvent)
#2 pmsrc/src/pocketmine/event/Event(88): pocketmine\plugin\RegisteredListener->callEvent(object pocketmine\event\player\PlayerMoveEvent)
#3 pmsrc/src/pocketmine/Player(1668): pocketmine\event\Event->call()
#4 pmsrc/src/pocketmine/Player(1781): pocketmine\Player->processMostRecentMovements()
#5 pmsrc/src/pocketmine/level/Level(854): pocketmine\Player->onUpdate(integer 53234)
#6 pmsrc/src/pocketmine/level/Level(787): pocketmine\level\Level->actuallyDoTick(integer 53234)
#7 pmsrc/src/pocketmine/Server(2265): pocketmine\level\Level->doTick(integer 53234)
#8 pmsrc/src/pocketmine/Server(2396): pocketmine\Server->checkTickUpdates(integer 53234, double 1624848719.6316)
#9 pmsrc/src/pocketmine/Server(2152): pocketmine\Server->tick()
#10 pmsrc/src/pocketmine/Server(1992): pocketmine\Server->tickProcessor()
#11 pmsrc/src/pocketmine/Server(1586): pocketmine\Server->start()
#12 pmsrc/src/pocketmine/PocketMine(291): pocketmine\Server->__construct(object BaseClassLoader, object pocketmine\utils\MainLogger, string[39] C:\Users\daozatien\Desktop\pmmp server\, string[47] C:\Users\daozatien\Desktop\pmmp server\plugins\)
#13 pmsrc/src/pocketmine/PocketMine(321): pocketmine\server()
#14 pmsrc(11): require(string[94] phar://C:/Users/daozatien/Desktop/pmmp server/PocketMine-MP.phar/src/pocketmine/)

PocketMine-MP version: 3.21.0 [Protocol 440]
Git commit: 82e8eb46ac8b7ef6a320da6051b755830d202b84
uname -a: Windows NT tien 6.3 build 9600 (Windows Server 2012 R2 Datacenter Edition) AMD64
PHP Version: 7.4.20
Zend version: 3.4.0
OS : WINNT, win
Composer libraries: 
- adhocore/json-comment 1.1.2@fc2f76979f0a44a5f5bc2a2b600d0762fe0e78e7
- daverandom/callback-validator unknown@unknown
- pocketmine/binaryutils 0.1.13@0abee38d4e2861621f262c79a2a3d699d8a697f4
- pocketmine/callback-validator 1.0.3@64787469766bcaa7e5885242e85c23c25e8c55a2
- pocketmine/classloader 0.1.2@9757928424652393b178a3760073113aa7c9911b
- pocketmine/log 0.2.1@830b44a2cf96ef703c550abe64302f230231ca49
- pocketmine/log-pthreads 0.1.3@e477ecf6ec214fdd4415ea1da3fdd9d73bf699ea
- pocketmine/math 0.2.6@43057cb8c179a9859677b496a788db922fd5cfc3
- pocketmine/nbt 0.2.18@9f82ca4d7f97fcd9a566e44b63c4f18a7657ae82
- pocketmine/pocketmine-mp 3.21.0@82e8eb46ac8b7ef6a320da6051b755830d202b84
- pocketmine/raklib 0.12.11@9cce458b8bfde3e4dfdbf70c659fc7b7fe26b5c4
- pocketmine/snooze 0.1.5@70b5e7937a06878dd321a3182ceb76d56298f2cd
- pocketmine/spl 0.4.2@6b08b7cf8c4afa17139c9a1b3bf1b408531de161

Loaded plugins:
PointAPI 2.0.9 by onebone | Edit By Nờ Cờ Dờ (NCD) (Danh Miner) | Mod By RBplugin for API(s) 3.7.1, 3.7.0, 3.0.0
BanItem 2.3.3 by LDX for API(s) 3.0.0
KitUI 1.3.4 by Infernus101 for API(s) 3.4.0
InvCrashFix 0.0.1 by  for API(s) 3.14.0
ScoreHud 3.0.0 by JackMD for API(s) 3.0.0
Slapper 1.6.2 by Slapper for API(s) 3.0.0, 4.0.0
RenameItems 2.0 by Wertzui123 for API(s) 3.0.0
Bank 1 by GreenJajot for API(s) 3.0.0
PlayerHead 1.0 by Enes5519 for API(s) 3.0.0-ALPHA12, 3.0.0
Solo 1.0.0 by VixikHD for API(s) 3.0.0
NickUI 1 by MatzeLP for API(s) 3.0.0, 4.0.0
EconomyAPI 5.7.2 by onebone for API(s) 3.0.0
PickaxeFunction 1.0.0 by LetTIHL for API(s) 3.0.0
KeepYourXp 1.1.1 by ArasakaID for API(s) 3.0.0
BuilderTools 1.2.0-beta4 by CzechPMDevs, VixikHD for API(s) 3.16.0
AntiToolBox 0.1 by NgLamVN for API(s) 3.0.0
VanillaEnchantments 4.0.0 by TheAz928 for API(s) 3.0.0, 3.1.0
PureEntitiesX 0.7.0 by milk0417, RevivalPMMP for API(s) 3.19.0
AntiVoid 1.1.0 by FiberglassCivic for API(s) 3.0.0
Broadcaster 1.5 by EvolSoft for API(s) 3.0.0
BurgerSpawners 0.1.4 by Heisenburger69 for API(s) 3.0.0
AdvancedJoin 1.1.0 by tim03we for API(s) 3.0.0
SkyBlock 2 by Mod/Edit By RB Plugin PocketMine for API(s) 3.0.0, 4.0.0, 3.0.6
MSpawns 2.2 by EvolSoft for API(s) 3.0.0
Netherite 1.2.1 by Wertzui123 for API(s) 3.0.0
EnchantVipUI1 0.6 by UnknownOreforsource|RBpmmpformod for API(s) 3.0.0
Sponges 1.1.0 by  for API(s) 3.0.0
PayAll 1.0.0 by Julicraft_44 for API(s) 3.0.0
MuaPoint 0.1.lpk by LamPocketVN for API(s) 3.9.0
MysteryCrate 9.2.0 by JackMD\RBplugin, DaPigGuy for API(s) 3.9.0
essentialsTP 1.2.2 by  for API(s) 3.0.0
Huongdan 1 by rbplugin for API(s) 3.0.0, 4.0.0
ShopXu 2 by FurryJaki1992 for API(s) 3.0.0
Shulkerbox 1.1.0 by UltraFlappy for API(s) 3.0.0
AutoXP 1.1.0 by JackMD for API(s) 3.0.0
DynamicFT 1.0.5-dev2 by OguzhanUmutlu for API(s) 3.0.0
SellAll 1.3.0 by AndreasHGK for API(s) 3.0.0
CrashAndBan 0.1.0 by jasonwynn10 for API(s) 3.0.0
MultiWorld 1.5.3 by CzechPMDevs, VixikCZ, fuyutsuki, kaliiks for API(s) 3.20.0
Shoptrademoney 2 by FurryJaki1992 for API(s) 3.0.0
VanillaElytra 1.0.1 by JavierLeon9966 for API(s) 3.9.0
EnchantUI 0.4 by UnknownOre for API(s) 3.0.0
EnchantVipUI 0.6 by UnknownOreforsource|RBpmmpformod for API(s) 3.0.0
AutoEXP 0.0.1 by RubyTemple for API(s) 3.0.0
GlobalMute 1.0.1 by Shelly7w7 for API(s) 3.0.0
KeepInventory 1.0 by KhoaGamingPro for API(s) 3.0.0
CommandsMNF 3.0.0 by NoobMCBG for API(s) 3.8.1
BoostPad 1 by BoxOfDevs Team for API(s) 2.0.0, 3.0.0, 3.0.0-Alpha9, 3.0.0-ALPHA10, 3.0.0-ALPHA11, 3.0.0-ALPHA12, 3.0.0-ALPHA13, 3.0.0-ALPHA14, 3.0.0-ALPHA15
AutoClearLagg 3.1.0 by Twisted for API(s) 3.0.0
KeyShopUI 1.0 - Butterfly by Ibenrm01 for API(s) 3.0.0
NoTP 1.0.7 by awzaw for API(s) 3.0.0
Boss_Quai 2.1 by phuongaz for API(s) 3.0.0
cayphattai 1.1.1 by Lettihl for API(s) 3.0.0
ShopUI 1.0.0 by SaltyPixelDevz for API(s) 3.0.0
SizePlayer 1.1.0 by  for API(s) 3.0.0
PM-Beacons 2.0.1 by jasonwynn10 for API(s) 3.0.0
AutoSell 0.1.lpk by LamPocketVN for API(s) 3.0.0
FormAPI 1.3.0 by jojoe77777 for API(s) 3.0.0
MaxEnchants 1.2.1 by Xenophilicy for API(s) 3.0.0
LoadAllWorlds 1.1.2 by  for API(s) 3.12.0
RandomBlock1 2.0.0 by Edit By Nờ Cờ Dờ for API(s) 3.0.0
DancingFarm 1 by RicardoMilos384, DontTouchMeXD for API(s) 3.17.0
TradeNPC 1.0.0 by Free for API(s) 3.0.0
detu 4.0.0 by CLADevs || GreenJajot for API(s) 3.0.0
PurePerms 1.4.3 by 64FF00 & ProjectInfinity for API(s) 3.0.0
WorldProtect 2.3.8 by aliuly for API(s) 3.0.0
PHP-Sell 1.2.7 by Muqsit for API(s) 3.0.0-ALPHA9, 3.0.0-ALPHA10, 3.0.0-ALPHA11, 3.0.0-ALPHA12, 3.0.0
KygekJoinUI 1.5.1 by Kygekraqmak for API(s) 3.0.0
InvSee 1.0.0 by BlockHorizons for API(s) 3.0.0
SETVIP 2.3 by MCPEVN TEAM for API(s) 3.0.0
BlocksConverter 2.2.2 by matcracker for API(s) 3.0.0
AutoInv 0.0.10 by JackNoordhuis for API(s) 3.0.0
SpawnerGUI 1 by DandierSmile122 for API(s) 3.0.0
MuaCupUI 2 by FurryJaki1992 for API(s) 3.0.0
AuctionHouse 1.2.5 by Shock95x for API(s) 3.0.0
SellExp 3.0.0 by EzMinh, LetTIHL for API(s) 3.0.0
PiggyCustomEnchants 2.4.1 by DaPigGuy for API(s) 3.19.0
SlapperRotation 1.2.1 by jojoe77777 for API(s) 3.0.0
UpGrade 1.0.2 by LetTIHL for API(s) 3.0.0
RankInfoUI_By_NaufalBlaze 1 by NaufalBlazeYT for API(s) 3.0.0, 4.0.0
BlockGenerator 0.1.0_beta by BlockHorizons, Chris-Prime for API(s) 4.0.0, 3.0.0
BuyFix 1 by phuongaz for API(s) 3.0.0
MuaKiemUI1 2 by FurryJaki1992 for API(s) 3.0.0
ReportUI 1.0.0 by MasApip for API(s) 3.0.0, 4.0.0
PCEBookShop 1.0.3 by Aericio for API(s) 3.11.2
SkyBlockUI 1 by BabosApple for API(s) 3.0.0
VanishV2 1.20 by superbobby for API(s) 3.0.0
OffHand 2.0.4 by alvin0319 for API(s) 3.0.0
BurgerSellWands 1.0.1 by Heisenburger69 for API(s) 3.0.0
DLevelIsland 1.0.0 by Nguyễn Công Danh (NCD) for API(s) 3.0.0
CustomAnvilUI 1.0.0 by ItzFabb for API(s) 3.0.0, 3.1.0, 4.0.0
PiggyFactions 1.2.0 by DaPigGuy for API(s) 3.13.0
LpkPointShopUI 0.0.4 by SaltyPixelDevz, LamPocketVN for API(s) 3.0.0
BetterVoting 2.0.2 by Twisted for API(s) 3.0.0
PiggyCrates 2.0.9 by DaPigGuy for API(s) 3.2.0
PureChat 1.4.11 by 64FF00 for API(s) 3.0.0
FlyPE 3.8.3 by AGTHARN for API(s) 3.0.0
Shield 1.0.1 by JavierLeon9966 for API(s) 3.7.0
MuaRank_v1 1.0.0 by RB_Plugin_ForMNF for API(s) 3.0.0

----------------------REPORT THE DATA BELOW THIS LINE-----------------------

===BEGIN CRASH DUMP===
eNrtfYty47ay4K9gNdmNvSvJIvXWKafGzxkntkfX9kzmnsOUCyJBiTFFMnzIlnPy77cbAEmAlm3J
o+TurUqqMhabYKO70egXQOL3mhvGc5reLliceGFQG3XqtdSbs9rI6JmdQWfQN4bNXq/TH9RrWSTu
tLvtVrPbarfa3f6g3e/1+/WaT5P0JI7DuDb6vZYuI2hWE9f12pwlCZ0i5Ij6PklDkgUOc72AOWTO
0lnokCi071g6B5Bl+WzBfMuaeOEcrj4Hd0F4Hxzi1Wg0ZekhTdhH5k1n6c4uIHcz3z/1fMQezWg8
2ts7Gu19ToCdPYeGjzT1WLB3zJK7NIz2ovk8InAPuN2L/GzqBcnez2HsOx9YwGKahnETkewlsb13
6ANNH8PYewyhFb8qWu2dh9Rh2DhCEmT3344QkPkgg9qoi8MQUxt+/qv2rkWiOWLA/0tJSQ72LrgI
TxYsSE8emJ0Bup2OuTsiWoeWpfdoWaLLxg9hMPbpksUX4YLthJNfmZ1q48EQs2VFvJFllY15lzgG
74wXCbxiUy9JWcycc/wLBOwMWkCf2oloalkrmGn8wPivgri1+KqTt7FirmaFP7nHm+0MBs8Q/5TR
xg82qLx47G30tFfTI5ruGL1elRiJk2MQ3fN58q7zMqL+wKggEncaP0RxaMMMvgiT9IrZgBUJnMPf
RCDurkbMp/HeOf67M+h2nkEeBp8jh8LYekHKpiwm3bbZ7nC8vdfx9gf9Cl5pPPjtxg/UTjMQwPI4
vPHsuxV99Ff3cc1NxI5p9rov4neewzt4GW972KvgFXdgvGbMvkOkQiyJjrtOnDCb+Iyoxrlt9Hif
w5f7NLrmM32myIOYx60XcRjD4Us4xkJRwPwIZMbLyLqD54SQpDROJZJn5uOY/7yAnzvm0HgGz+2t
DRYijTO7mH3oPY7AWSUvWIks9XywKxfUC87D6RRbARIvmP6rPfyFHI3AKaF/sazCwViW9DAwl0sX
Y1nFg53+Zg9KX2JZQgjtV4XQNqtCEKikFOXk3zGwVcx+y7yY7Ujahp1fyGaus+y3cTEuHZxC2W7t
lz/qNfbfEhD8Gd4YmBEIb71gEfrC/kEvDsjRTmv5XYDomOCOHToMZdDpwl0i//sunXlJ4wegXs6G
XX4x5lguaADS4bBYehRuzZMd/lhdPL37D0De6Umkf+BFHy7w7wD+WmkElsKziZsFdgqhHdH8fMXV
kO+429glv+PzQ/68lX4nHBPZl7cljdxh8O67LYUnz92RD/B2ZwE+EsZLydtZyuZnwUcaODkAfpD/
tb9P+B0nGY2ub86OftoF/UyzOOD4DcFR18wpsmdZcIcEKT0JXyCQHuH9ne/sB7XNA/nhBwLG8zv7
UQU/crBgpJ13wLUMWh1lSRrOFS3DXzuif94TBwAP38WVvv43WGfoK670heBd0VlHly8YPBY4N160
Y9UK+jm1u1atadUsK+B/eY/kPfkduvyjjn8e/xgRuCWI5lRdUqByFxqTnd8VMMr6Dx3bDZtHqKRZ
zKpIlFscV/7IFVhEF2ZstX0OFx2fwHylqHHVZupExYYLGnsrG4pGX/LbO1JsXS421PRuT+pFX9V0
cBupqvARKFK6FD6AQgAm7B35LtklI2mYub53B8V4wJCxh8iHKQtjcWvV6tiad17MCZwOIJIaQnst
CYUsilF7BhOA0ARGPRIzqWfI+/y55j7JbNeLE05KGvrhPUwkbMzFIVHmqo589nK1FFOCAM1zUDhO
Ua8jxfHH36nC36nC36nC36nC36nC36nC/8hUoV6bcpvsY5wcUKwx1rQHgbAJjEZZpay1m6bRbCE8
83ynNjIGHaNe85Jbhy1qIwhGEgZBeRymoR0C2k6nBZ14GLIPTDZgk06P2oNJn7k92jZbDu21usak
3+0O2i3HbJmTQQdwZ5KWn73ACe8TcnlDkFHSa7YJ75cMe60W2cnvC2UiZgtU8cokxzSlaAQBdOJ4
GJLskoOL4x6ixsrhqNZvdpomcvEIASDnqsOZgru3YYI9n11e3gCAX9xDgoH5xDwKQbq3vjeJIURi
CUqNOjPgNGZ7vyZh0IA2MkExmkbTfO/aptvvDftDt0U7Hdp1uxPbpOYEqHda/Z7pshbrD1gf0DsU
WIAgPZzvoUOYUPuusaC+5/B0ZgQy4enXe/kXiS3HcuIFNF7ySQFNW9C30X7fohPG2gOnw8xBD6yR
4Zo90+4PqUnbTm84dAYUSHM7OqqVncOQN9vvsRrd78Azvd7EprTPuoNB1+zAuHZts22bXTawu11q
VhDiVPZFYidoM98P+93+0Bx0zE6vC5a2PQHfRtt9EEu/bRhtwG0Ph4Yx0TH54ZRjMJvGe9CXCUjU
tN1hj7n9Vht6RoZ7nXbLdE34p23YFDKqKoZGlM4gZnRyQbXfs06/z2y3x2zT6LiO0+kYXUYNh7bh
Yuj02xMXpMWojmpO05mkpvceOu327cnANkC8w0F32Ov3J51hj/YHA2cyNE3X6dqu3dZRBJM052fw
fugOTCDY6bswJrYzpN1ej3U6k17b7rjGgPZ73T5lg4pwy5+NeVRMz/cbzDUFWUzvQLeFXIAm4/3Q
tlmnO5gMJq7D2qzjuM4EZG33ukPX7k/6LjN7k65dQZMEYfjIpHi77/utSZf1h+0+bfUG/YHjgB2k
bQO4ZZN+z+n2zOHANW2ngiTyOQaYp+97kxawYbsDu0NdavSN9tAeUmMCA2NMOq1Bt204zICY/4+i
XMDn5jgEz3wwPtOsmwTVa6VNM0G7UVFoBoFtnGA8HwZsAv+Tf3MLQg6X5NLKDOY45Ej+PZZ/dy6P
jnfJzjENZgStZrwLD12EDj5zdSjLE2BpaeQh4naz3zSgL/zb4n9b8Bfus4BC1ADGCHwhmFCHRWCa
kBa4l4RueqwC5pTXPCSV4IuQLegBgraSQZxzyPKn65ufP12dHwPonk0SL0VBYPZySAMsASjiySG6
dNrNti6d8+OvGkvfwAKggvRAdCv8+WuUz9I0SsARgleZZZMmmNw9QNK4OBqf7OX0A3M/eelndeTF
tcoYzP1mR2fsLHBZHGSJ0TI0BjtvZ1BBaVmciPXYRB7OgsVRTJPZqfegcKJCVX5gFLhqlfyoLBjf
wMM8+w2osiwvWNjYs+s95DncOmxco4P8mDkKDwVIZUAokjYgP4InujjelrIJbBB8yt7XH4lrn0YR
i1UOJETXqF7T1BnIm1U5qNc638JJItCuz8AVQ7pxciQKEyq0YhF1Nn5mcfqYeYbZ3tZYlBgxKS/I
eLMNKPHtqVwJM3en27g7fdR0Vj/EjAU/0l/DdFuslhgta77meInk+yOj6qxRgLraVUbrJGBJt2sM
qww0Ds7HHw8M81v9To4/rxEgRervtWZU6IfqdMLLClNVtr54D97dx61ZgwWimwHh4EIXCfejnwL2
JYF/3qB/H+ic3h39c89YJAbyd4kFAtUBScALmndB00d2Pq7yVyffZCrmiNWyAug+89YZmRPIyMP5
Ug+cFKDKQRfCGHNl6LStUSpiHCYo4FGORs3rcwlYpw/sVNan1QlVufOKAp6z9Obs4/m2WItE7+sb
8Z8Yi/4zzOKvkRrYlECdfKMSDdQOwHfTO3q2tRlUIITIpqBifXYOMZVn8U0Y+qpT0sA6S+CXGhOW
0krYdvTI7Nn44himMdxYZSaM3tu5tBF7NHcAu2VNBHEpEgeBq07qpjZDoXtPQwXCOQhSDy8OQzX2
U6F67FcZ68vpOZ1/udzWSEt0lqUQsG4IqDCcUwX8faGB5/v0JLBnNEh5rVrhc9Vdld/O08l5M2MH
j0NzsCLUgvH/BjchSLGsIwga3zDIOV17q3hC65TF7ASkmnos+araJg2uD3a/yvzc8+9aHQMLSVds
4S2oP7640D2JMXy7DGKBEwuMkGxmGM8IwsDrK2SW0rm+Obi6+Tx+TTYKrXs6v3IGfAk9p6L+HFS1
dBVxnHoTFk+x8HTkLTx7W7PgMGY0nd3QOy+Y+stDXnQTUwKJKn+9QUtWod4r8KGxjAGjTXHtSrWV
ClSXSbcSEi5C/xrY2p4oio7BDGpUrKEC9/f3TQYUIfZmeiecQTxl8XVE7wMW6+5Au1GxetUM/iPz
EhZM+DO94ba41bGi3VdpenPOUiEWdd4Bc2Mz58fQU+MUDfyK7qfevNW+31r8JdFZFpU0/BriOmqF
otfD/bslXwRWQ/4cpGWelZA4dPbyCtzVIRH7dEi5RvFsXi0ynN5mXOtRruwFgs9lrZTHxXLsYyIn
/r6s7sj4BdcSVaFziJ5wm3/ufJWdAt1F72+bp5csnbGYNytTmwJWDdeMv7KMUJCxjSJCyROmRMJn
f/Giz2eGmhVpcN009XTW5fa5TzFzAQKRss3+fXWIHhXfBAidbQmk7MeEPEmlb4NqVxQGU6bqbA55
2fZsiYWzYLHsdi1Ldro+3WO6PPC1xUwBeCWt+zHzPTumbnrb6Ww0DKq9eKnsqOCHgInTtD5TFxnl
RX3VguSgqjP0o7tKxkrnwoxVUoHhBpzVy1WTlwr5ZU/AmySw/LUWp0uMIJZHMdWsiwZWOR42zdX1
YssqVl7qtWM69qYfsuVG/K9RRFbJerPBEcj2NBZxA2+SYIRN/eRmrEhCA1dNrflnTEW1R8uq9P/q
gH7MYAI7VI1kCtALdbB4smLZbAtF85nse45LTfnFBlZxFkZfM9UoCsAL4ctpFsfLHyGox20527Lw
GlKwkpyKTdjI/DsWT7S6ggJ8Jbz87KcxPcXlh+XWXFaJEtnhlPD6wrosHWRp+FWdKBLwCit/zuKS
6PtbLYLkAJg7XgJTnn16o/BXwqqurdtw2KKihZ+m2SOEAZ/nWepn22JXQ2pZBUUbKCLzfd1d55Dq
Km1l3A4CB7Ll5OOHn/4Mb11ix11qnKDixzps8bVZQHKo2T0VWvXaFfZ+pUkY3C+DwGhta7AUlJal
kLJJFOKnHn+nQ4tDCmCl+FDdMbCiQnv0T/4W6TJLk+wOFybuqO95d4nGs9naUt12jqTeI6kYkyhk
f0vNVkEk/QMYMofNecqo+wnlxl/tLw6cuRcYwlGUZKw/9Hnd0l/C0ytqtAJeNURG1dYuPBafszAY
Dnu9b4vFaqdezGAs72qq9VXxW5ZGXOVyrUUwkTlpK3glTJ/Bnecyve3ndEVKt8k2EjULfCZ5/f8t
dzX03HWzUODkSSxwUgkGnm6VqV1lkyW+f+NvbdRKjCIoOFk3KkA+PvjhhPoXmZYJKcBXptv1DBzW
sn/f3xYzSY7QsqacCvD7wJdG0Vrrl8XraZUlzBL+4taGn2Yh/QCRRjAdx+G2mNOQirXMgpz1h+wo
nM8poL64PFUdvwJ9ZbPTZRhOLo4OP2hsDZrGmxftJD7LsudP9jo9V688DMMkHWvbTgrQCzkbxOuf
XHSK5IbRucKBqZRji7+NAz+a0WF5yfeltCrXRuXarFy3K9edynX3zYsbOTOWdTimzmbW58hnND6n
02nFBpVwXQ2eqPjNPb6ZtDWjmgp0lgVdhDYS4QMRwiSpNG28rinwHiRLP5tfHO3p+PhsX2LIoe/C
LGCVWU4a5DBLUxa7/rKyJ3PCgnhe2ZD5LdVFiQ/neUnMq0N7GWqlGH5ZNcJ9nXJ6/0jvt0U2R2ZZ
QZhGb84tBUF8kifJ7X9k1NNmeQ7TFyYqEz3ihRP6uLVNMBIfKmRMkQiYdPDvOmNi0yWYkTTV+FCA
r+yHOWdp6s38bXFiR+lmxSRtZqyeFlXbcE39dDn2HpgP5mlrY/D5DHvfgHjvkYndfioDJfAvWSXg
/Z2LtzLL32stE1w0DhnF987UpYISWH03wPhr8/MJJwNmQUHOWn4HSxQVl8NBb14jeLWekhdF1l0V
yEkqf63D2ymkGPpexBzySpno1/DXkPXxv60NU4HRsiQRxY+1iij0QWY12nqwAn1l/fQrC8Jo5vme
vbXiq4ISDUBBinaxDnO4GQy0gZdDVPZ0eNU0PL9qYZhvZ+ouDCCYt8MQdA0Jp77Paz8brCVe8Xfx
+AYFdcVXA1cNRXUb9suvDm0tzyxJWp+9YxrYIKJTGqvv/6jQF4L9K8+msRNeeH6YtPlbZMdhkN6E
mT27YF8rOy/7b+dMw2pZCnXaxTr83mDh63J8pDBbgF7xuacx21pNIO9z/YFyWKquOfHLV3ZCHp0f
8Ezs3/8m23+ZQSIHBrzACzeoIOP+vjGLtfdPSpg+Bp1q/bjXOT1ttcj/IZCg48vgZ4EL3adbs4K3
ogOxnZFTpPx8Q6TNn5VfQirxgBS4GQQmUvx8USkIDVx9+25QSSt8L/O3xrnAZlncPkaCgnVqBSuY
vsi82PWY76ivpebfg0pBE/fmfI/gnsYtqsbHcaMSvhSgqkes5FgX/NW01S+6vLm+8OaQFAjGDy1t
sKN/OWV3uIdOz5IVaHVhpWKKedOY/jand1urhpUoIUcuSdnovcVrxvRXFhHwiqHVPhqztY2q+pdo
BCUbvb14cvPlTE39JaAySytqeTQ++XJJbk4OLra2g4+jxKVIrImv9X4Fsp4chQEQWtk2XLlT2YpY
3Yw4p6kdU5jS8baYKTHKjwOVxGwyNphHwIhW0h6EPKn2r1j7vwzD2JllXrK9NM6+C3KkouDmBQuR
7gii1th6x/cUf9BrAyXwhagMIiLHY/H13POZYW62fKjkVE/2W6+3bC5732hf21Gm10AK0F+9RJp3
vEmll78x9jHMEqapnwKuuq5udY0G9H7Yffg2JvSdeuq74erijegJVZLTN0P6UC81atfasXHyEFV2
bCDklZWNk0eIFmd1suUX6ARayzr5Ot6sgDX2ptOl+NLgioR81V3dQnaaT+beik2G3/LGTY4QwtCn
1KwEviFKzTvZW4FuT3nt/SpMaeXNyeqdVwoX26/FVAhYf+w/Rx8wCVN4ySHV8MT8U9/+zKKNihF3
kPKEn89uD5e3lzRzqX/o00emVyaeafOCz1Ca/efNtvdbasgtqyRwg1dE9a+6ViIY9XOvlS1Vt/ia
6EvhZb12NIu9pDGO8dv6Jecdbb1yO0Hn6s8frveK7FL/+IcEvDCk216gET1u5Nd/8thcf1FCAf43
+HbZ9SZfy4jCWN/8U4BeSWIuaHIQQXy+5bkU8+4tK/+7vgqNj04Ow/AOHaTq4xRolaNKLnPAYs/2
9M0WBlZuXwwoV3molzapiU7As5WEaRdvcG8S556CZU99F02PsUvgS9sc6CSE8d3iLqGy38125CWz
L2ZlMx4HVRxxRTuTLMJd3pPJ1upHJUaxyw6JKH+tw80n18WiicJMDqnW1zvVQtjCC1ptY7i9WphE
aFlAwoxXcuSP9Yw1z5wgJP6ZBs6Kd1iLO6/s3vqGl1jXzNaeeaE1J3CDdQT+mdWzxNdHUAO/YjEv
pxDmZgazuwEukbRabieYEv5BNf5xtTfzX64dvvhlg2zJgiNwmdijZVUof33XFzdxB8HC8zV7osNf
EcFZ+nhKJ5NnP12wjvPYmHNO24Y50ynlGeOTbKmAP/lexzp5Uvvbkl6+DVtCavVn0rePVz8dzSgW
14tvjz2bbeXcVC6/OcMqEOFyaXTHX4x7shGkcqNayOq8tCEEMuy3LuYrHw5cQ3fOxz9hLVJIWVC6
kO8irSMlEFKChEdIeHNKufVkuP3rS5h6gbp1TgNXHYL5J+ycey5yqW6nm3DCFpww3KyhkblmBQLf
93taeRDQV75QuXImmVtmtlqF4JRpF99edeBo9vIVQj5H9QVCOW319UHDWLVAuKHKFwtzz8hFmfj5
T9x1XK99ZQsvzJLxSaNo8sxaIhJf/trCSiJHg9ti/OX4RN0Uw6/1OtzgSSj/4ebjwdXlNiuO6iqp
EvVde7jx/Zyqn06QvVsWp3WTvXK4qKjtleOAt79y8tqehCICffF9P/2NE0FU/nfNTBlrIreLSqac
A18JGq4Ob4Vi3ILBxu3lGyu/VMmy9q8O5jovfUtiF2un1viBXhoDpymLpdupfqec98c/6N2M4hCS
C/5loVHNylzmuu/GBYxA0OZ6U4IHD1mxFby7pin5MQuIYRKjNTLao3aX/L9Wn5gt08AG8zB19jHA
pP2e+OP/C+zqL0RcUOjBNZ3LU4I/2m2ZmMkrfnNY4BIUNjAZ3zeGRttE4P0M+Gz44CD2Q9dFCA2C
MAtsXAbnhylQG7RDHs2wHwYcE660NOTKOwz2fkMQSx/kQ8l+p4uQKYhtHjpsv4VXbhgD2gIm+wP5
ORje5NfRIpLdOJ7rejZESst9Tus0L0c1EtwGG0yTfQTzwxMaqIv755jUtUtgwpijtMGzpfaPT04P
Pp/fIFSoWuO3jMVL2acExWAvcoLwdzOiSXIfxs7+/+X/gZiyNGwkdMHkgzCz7huOh8fH2Gy/g6CH
SfjQQO2XTSA+n2Z0yvYZuF+41j4f3VzO8fPR7whqJbG5nmQxLxRzdSEgPaKpHlcgcjNjCSO5QAiN
GUlnjIQBaFsKk4XYOKApmTDiBbafOcyBH+SJugps13hsUOgiiirWhLqsTkL8xEiCSMkkZvSOLMMs
ltiI5xIYWc/1eB8wqHjilb8UqC/ZfYFwz2EuhYFNyH0YfJ8SrIvTmKBM53gwD56ugVTi4VWC+/sZ
C0gWTWPqAIImohQ6LRCO8IKQdz/P+DdQ8JwwPCiJ4Jlh4kACkEZMA8iRIBIStznJMF0ooAfZ+izl
knPAUdqMYAbtc1nOBW6hvfkYjgg/OEDcSmZZ6oQwJeRpZXhIkfzAv+2HCYReNUnfge+H9wSnG54o
JDeakIVHyX+gEopWXB/zXSgjgnZQPn7CtVM+R4BCgjOHwCiCkBDjZEmkaMUTUp2LBhrZ7372QDxh
ALKmjkNiloghQVHjyRtkzmgC5hWnPoGBmDAkHkTFfssoP4tt6i2g7YL6GSM7smOwN7sCv+gVJhMv
ADZgGPDYixE0kP1fZvMJyAj07SBZBvYNTe4IviQJGtaUTT6D9Ljq5zxjw1kM3jyDEYUHkjrh+4CI
tA4wX+oEDz4AdtARcSmBPUfYPAtAt7BJjv6aDzrwBhoYhw8eaB8DcQBrXK+DgkCUc0HUmYuajK1Q
Y+vES7/Hs+li/qDD0CpyVao8TnaAjwzmlSkFxJlpSI5HHNlTPaZcZeIswP2hqJ0wChEfEv5hx6RJ
II2Sv8kcT8Mi/IvXdXWCSmVCycRxFqUCKgSHApoDfQV3fLBh6vKTIRwxXegi9BwgfjUNqDOohyGI
HPStqSkfNG+IZor2cX8BfiBe5lNXvJdH0G8TcQfmydxL0Q7M2ZROlhB0N8m1EHyLi9pLsAeJ4AbH
8d7jI8E1DSb3fUOgypUv4dy6HhALFowfaoSI3JixvFOh/jB6GU5lMg1h4EKcyqgnoivxOmGDkzci
rZwfoIEbb3Faw/8ITjAoeo0PdNDfygckaxEnRZrdgjSJMCFgaNDHgq0sCcOec+qMltlRCOQG42c+
cySdyfdboZTPHU4aWhdiZ+DEAnBiRBwXhvofCtLFvEWnV7RmDzZEHEnJWW7oPt2cjMjNx7Nrcn52
cXZDDsbj87OTazI+uSIQdP50clUn0IjcfIJWJ+Tnj5/OT8j46tPRyfV186mx0CRjdnuKYCAW9kLu
4tGEJ8gqP/0pl0thpg0YCwgzHGmLeKMGZra5gZYIIWQFrsHAg64h98+polBBiCfRnQbYTHYp8Qs0
YLZLR5B7NtnTJ/REGEPwx5pPn0A9kekBDGbEbAw1hLSRcDHa4tmCG1A9FiUl2+2W5DvZfY4wKYW2
IoUpjScwhxp26Psi5pVma7XE+bREsuRzRD4H9n9OA354mEYRBIAZaOhuPfcrT1U0V1Lhrl0XsAnO
5+VUbZJPwmuICQFxSZj5TkGNB67oPiAlD0mOOuIsAMu9VkvhGvo85QbmidPlaiXwFDy6cTjP3Xf+
vGzTUJW3Ou7ImRzfFXpDVijcE825zgNVHMwY+kRFlQrvZPNIRHN54EjkrQbeKsfxGBvKhzgvnOic
Izys8Z6BgaArxA4BAThU6GUBSpgkGUNjks5gNKd5nIsGD/srKavnAywiEBnKNnN6sPGLcsN0i58x
mpQ8HNEI4d48m4MHB+cdkzwnwUEm8pRWTk0paZxXUrR8Zj3VQQj4o4IycbApRuIZuPSeNpLHobhd
1XxxqmzeS948n3ACo2xa5ZNHKQ0b8lCmcHoMhPHICEJXlCnQKsIZgSvCnZqY/OBTgt+SV3iskLLg
L6cAm6sRN4oUXxDOcb+G7jVdxf8DluKAjgrXA6HhLPRFmDuhKeTbmBtwBiBiAzWT7ovbR5GZybvC
ZU1YEfDm7vOdOob5TTTR8TJF9HXSMJThlUPLO2+kOUGFa+FeoIyoeTKNgawjJIGZFk8+8HEASuKa
5CNEo/xMYAwvydH4cx2eBTomMBvvPQcmCI9Mcjtc9NDgPUjVEklAmSEkXE5K6yY5cMDYzajv7uEB
SDx1cRhouuwOOiZY5EEFVKat6lYVdHqKdPKAthFDXeo3CRLyeRyM89C/TFYxw0HC7sExi0ezKIga
EvIk87qQczTxHlkxwpgo5AOLX63LgzVIJITKKM67MzTFQ7tNMpbP+BRXRDHrl5mz1A7ZpxvTKTIC
IwQCTCKfx0eYCs+BBTQONMZRO/I9rPXwHB8P9WNJSi5uPnNaE2ALmZ9kKcGqAh/YskOR8DRL+zRP
swY+N+IU5zPAYZNsOiqTqR+IgUmUDBVnMKl5CyLT6USUAlDLgyTMHaLUESNHKkxbjvVoFkLijfqZ
51Esz525BXRoSklCF6XFxVpOXvPCu1riDUTycqQIk2RlBT8rLNJ4XvP6nnydhA84L2Jydkx2vn4+
O94luG18BnRA+3twHVEs6vCgMphhxZBeNdUYFHQk5I34EAQwF74enuc9yPxLgXzPu8PaF3fJEOtg
Ys5dPecwzCs90iEpJSnXlR3DXc9dNh4yz1F5phAWgVlkNC2NLohBnJeYZyc845XkgkpB8MtjwSC0
fS8i/GnQqAu6BG3CzHcuD3mVXrJwKdyUN/K7ottEN515RU8v+Nzwio2YFPhlH5qKseGt5QzIElk/
svGL5bmJlE81xFMjEkFkhqvLsjvhEKRpK3pD70aDaZHHBPiwX3W19byVVhRcWXbLB/9gHmY4413h
v6QBQOHKoUfvjZZNllZASfFqRDoSwRV3xwoCLoaAifR9wgTCCX4OCX5jAZd7zVk+I+Qk4JXd3LV3
dGFgh4owwIYRWiVbHusLveIh16spbj1HMo0BG2hQPkmB8BIB/iooa0sbgOWORiYOtdUsLP9qCO+Q
F7f1yXzMO53wlzi4GUM5sxg1gYgDLYnklRSlojxQ4E9VRAE4G8Qk78gUksdEF1pZllLk1nwqOGni
7qnHc0wwu5ByiZGLwijzS8WVl+gneStpYNuFeeVpSCMqjCF6KrRumNiV4T0vYIvS3KgIGrCiyBNg
cUP4Wjmmnqha53UdzVjgPAEn6rAnwGLCVm9EM4iF3VAbNZipDbGgqLSehTh+nKwmfsCr6YUFD2Ag
l3NM3fiB7glwnqjMYGYqW5CyBWeKm0c6ncZsKouGssIoiiV4TPrdU445rWAHPh1/whNvG9KpCG+L
JuaeiSyAwtS7530mnAGVFQ5tKqV/cO/aqAiFzodvhbhh6EWbQgEhysCzXLl/1ANYfifURQp5QoCa
pVTy6mCDoxmtE9yFzAOEVIkMwcS7LIbsoIGWLUDHK+6X/lH4JqpVB+VioOLcM4iJIZ7g9jE3QBKl
1A3RIu9nhSYIzquqkHpz1S9I/4/o8SmcSegGcOTRKGPXvAQqH8uL3021I3mv2lMu5dciDekihA6I
+aRUjyQW6CQtpJzXiWYSzK0Qpmsyypc2CEv1kF45PLj13AIV5E/AklitQauWl0py+wkYpQlW/Sr1
PZoUmRUEvBSXwYtrDMeAXjmSo3xI87ug61jbG5F/8fgJ/HidF/t+ydGLjxgo7lpdV+KMYZQbe44s
mORrfLwSsspj8gCDxwsJj+p5Qo3bqYBq6fZ1VvK+OSX5BcGlQfRFuf8sex6R0/ODm5H5j369O3ww
6u2Hdt38h/EPB+M1bit28M1gGw34/qAljL646nR3y3BULN/oFQphKdCvwQjIgiMPjHjFEEbVXhJx
tHgW5+Y/T7TiYuGH2y7AA27S5kttSS6+Rr5sBLqSx+HvTrnR4p3xJzQ0GY9cBORWgTR4EKzFpmHE
03j2AGY0kdmqfYf5TcLzMZDNxIOsYiliTd4OeQZyIHsSLiufYYJX3gcESLHiBWr1GntIWZDkm/b4
IUbKAdgTWx5kXEBwCS9waKzBwvmtE6ZgWjUoLgFrgCz21WuHf8i9vHY9n7+HWkKmc+047hm4JfXa
g9m4UAF4yrZ6PZ+IBUkVhgEi0O+osMjW2b5iriykaE9yL5LoIIiR5irkenyuUbBMfvP5IeLyFylu
peEdCyCc0DheUr40bcp3pB69SHwJpcs/uvkoDmAuWsPlw1yXaYjUQOzRNgwT94SNjz9pnDrhLaek
CgSQpw8HGIEgSbSGYtvO1wuNxQoFcIkZv84WAO/xtAwNqBy1jXvTDDwjHgie6cpV+u5bHr6px5hz
JZiK480lFtxdxFHmn/zhZsqZ5Edpox7GyygNOaDN20+dJ0PmaaPMZdNWQZBQZtw4TzOhSzk5/8S4
7tOYV6/KB/74478A7lXKLA==
===END CRASH DUMP===
