PocketMine-MP Crash Dump Tue Jun 29 16:59:08 +07 2021

Error: Call to a member function getDamage() on null
File: plugins/Detu_update1.phar/src/CLADevs/Minion/minion/Minion
Line: 177
Type: Error

THIS CRASH WAS CAUSED BY A PLUGIN
BAD PLUGIN: detu v4.0.0

Code:
[168]             case 3:
[169]                 $block = $this->getLevel()->getBlock($this->add(0, 0, 1));
[170]                 break;
[171]         }
[172]         return $block;
[173]     }
[174] 
[175]     public function checkEverythingElse(): bool{
[176]         $player = $this->getLevel()->getServer()->getPlayer($this->player);
[177]         $damage = $this->itemhand->getDamage();
[178]         if($damage >= 1560){
[179]             if($player = Plu::get()->getServer()->getPlayer($this->player)){
[180]         $player->sendPopup("§l§cĐệ tử §f[↣] §r§bCúp của đệ tử sắp hỏng, hãy sửa chữa để đệ tử tiếp tục mine");
[181]             }
[182]         return false;
[183]         }
[184]         $player = $this->getLevel()->getServer()->getPlayer($this->player);
[185]         if(null == $player){
[186]             return false;
[187]         }

Backtrace:
#0 plugins/Detu_update1.phar/src/CLADevs/Minion/minion/Minion(116): CLADevs\Minion\minion\Minion->checkEverythingElse()
#1 pmsrc/src/pocketmine/entity/Entity(1393): CLADevs\Minion\minion\Minion->entityBaseTick(integer 1)
#2 pmsrc/src/pocketmine/level/Level(854): pocketmine\entity\Entity->onUpdate(integer 446)
#3 pmsrc/src/pocketmine/level/Level(787): pocketmine\level\Level->actuallyDoTick(integer 446)
#4 pmsrc/src/pocketmine/Server(2265): pocketmine\level\Level->doTick(integer 446)
#5 pmsrc/src/pocketmine/Server(2396): pocketmine\Server->checkTickUpdates(integer 446, double 1624960748.9854)
#6 pmsrc/src/pocketmine/Server(2152): pocketmine\Server->tick()
#7 pmsrc/src/pocketmine/Server(1992): pocketmine\Server->tickProcessor()
#8 pmsrc/src/pocketmine/Server(1586): pocketmine\Server->start()
#9 pmsrc/src/pocketmine/PocketMine(291): pocketmine\Server->__construct(object BaseClassLoader, object pocketmine\utils\MainLogger, string[38] C:\Users\NamVPS\Desktop\PocketMine-MP\, string[46] C:\Users\NamVPS\Desktop\PocketMine-MP\plugins\)
#10 pmsrc/src/pocketmine/PocketMine(321): pocketmine\server()
#11 pmsrc(11): require(string[93] phar://C:/Users/NamVPS/Desktop/PocketMine-MP/PocketMine-MP.phar/src/pocketmine/P)

PocketMine-MP version: 3.21.0 [Protocol 440]
Git commit: 82e8eb46ac8b7ef6a320da6051b755830d202b84
uname -a: Windows NT NamVPS 6.3 build 9600 (Windows Server 2012 R2 Datacenter Edition) AMD64
PHP Version: 7.4.20
Zend version: 3.4.0
OS : WINNT, win
Composer libraries: 
- adhocore/json-comment 1.1.2@fc2f76979f0a44a5f5bc2a2b600d0762fe0e78e7
- daverandom/callback-validator unknown@unknown
- pocketmine/binaryutils 0.1.13@0abee38d4e2861621f262c79a2a3d699d8a697f4
- pocketmine/callback-validator 1.0.3@64787469766bcaa7e5885242e85c23c25e8c55a2
- pocketmine/classloader 0.1.2@9757928424652393b178a3760073113aa7c9911b
- pocketmine/log 0.2.1@830b44a2cf96ef703c550abe64302f230231ca49
- pocketmine/log-pthreads 0.1.3@e477ecf6ec214fdd4415ea1da3fdd9d73bf699ea
- pocketmine/math 0.2.6@43057cb8c179a9859677b496a788db922fd5cfc3
- pocketmine/nbt 0.2.18@9f82ca4d7f97fcd9a566e44b63c4f18a7657ae82
- pocketmine/pocketmine-mp 3.21.0@82e8eb46ac8b7ef6a320da6051b755830d202b84
- pocketmine/raklib 0.12.11@9cce458b8bfde3e4dfdbf70c659fc7b7fe26b5c4
- pocketmine/snooze 0.1.5@70b5e7937a06878dd321a3182ceb76d56298f2cd
- pocketmine/spl 0.4.2@6b08b7cf8c4afa17139c9a1b3bf1b408531de161

Loaded plugins:
BoostPad 1 by BoxOfDevs Team for API(s) 2.0.0, 3.0.0, 3.0.0-Alpha9, 3.0.0-ALPHA10, 3.0.0-ALPHA11, 3.0.0-ALPHA12, 3.0.0-ALPHA13, 3.0.0-ALPHA14, 3.0.0-ALPHA15
BurgerSpawners 0.1.4 by Heisenburger69 for API(s) 3.0.0
InvCrashFix 0.0.1 by  for API(s) 3.14.0
FormAPI 1.3.0 by jojoe77777 for API(s) 3.0.0
ScoreHud 3.0.0 by JackMD for API(s) 3.0.0
TradeNPC 1.0.0 by Free for API(s) 3.0.0
EnchantVipUI 0.6 by UnknownOreforsource|RBpmmpformod for API(s) 3.0.0
SellExp 3.0.0 by EzMinh, LetTIHL for API(s) 3.0.0
MuaCupUI 2 by FurryJaki1992 for API(s) 3.0.0
KitUI 1.3.4 by Infernus101 for API(s) 3.4.0
DancingFarm 1 by RicardoMilos384, DontTouchMeXD for API(s) 3.17.0
ShopXu 2 by FurryJaki1992 for API(s) 3.0.0
AutoEXP 0.0.1 by RubyTemple for API(s) 3.0.0
NoTP 1.0.7 by awzaw for API(s) 3.0.0
Broadcaster 1.5 by EvolSoft for API(s) 3.0.0
SkyBlockUI 1 by BabosApple for API(s) 3.0.0
EnchantVipUI1 0.6 by UnknownOreforsource|RBpmmpformod for API(s) 3.0.0
Huongdan 1 by rbplugin for API(s) 3.0.0, 4.0.0
CommandsMNF 3.0.0 by NoobMCBG for API(s) 3.8.1
RandomBlock1 2.0.0 by Edit By Nờ Cờ Dờ for API(s) 3.0.0
Boss_Quai 2.1 by phuongaz for API(s) 3.0.0
UpGrade 1.0.2 by LetTIHL for API(s) 3.0.0
KeepYourXp 1.1.1 by ArasakaID for API(s) 3.0.0
Shulkerbox 1.1.2 by UltraFlappy for API(s) 3.0.0
VanishV2 1.20 by superbobby for API(s) 3.0.0
GlobalMute 1.0.1 by Shelly7w7 for API(s) 3.0.0
BuyFix 1 by phuongaz for API(s) 3.0.0
Bank 1 by GreenJajot for API(s) 3.0.0
LoadAllWorlds 1.1.2 by  for API(s) 3.12.0
KeepInventory 1.0 by KhoaGamingPro for API(s) 3.0.0
AdvancedJoin 1.1.0 by tim03we for API(s) 3.0.0
MuaKiemUI1 2 by FurryJaki1992 for API(s) 3.0.0
ReportUI 1.0.0 by MasApip for API(s) 3.0.0, 4.0.0
KeyShopUI 1.0 - Butterfly by Ibenrm01 for API(s) 3.0.0
CrashAndBan 0.1.0 by jasonwynn10 for API(s) 3.0.0
ShopUI 1.0.0 by SaltyPixelDevz for API(s) 3.0.0
EnchantUI 0.4 by UnknownOre for API(s) 3.0.0
VanillaEnchantments 4.0.0 by TheAz928 for API(s) 3.0.0, 3.1.0
VanillaElytra 1.0.1 by JavierLeon9966 for API(s) 3.9.0
SlapperRotation 1.2.1 by jojoe77777 for API(s) 3.0.0
PointAPI 2.0.9 by onebone | Edit By Nờ Cờ Dờ (NCD) (Danh Miner) | Mod By RBplugin for API(s) 3.7.1, 3.7.0, 3.0.0
OffHand 2.0.4 by alvin0319 for API(s) 3.0.0
AntiToolBox 0.1 by NgLamVN for API(s) 3.0.0
AutoXP 1.1.0 by JackMD for API(s) 3.0.0
RankInfoUI_By_NaufalBlaze 1 by NaufalBlazeYT for API(s) 3.0.0, 4.0.0
DynamicFT 1.0.5-dev2 by OguzhanUmutlu for API(s) 3.0.0
AntiVoid 1.1.0 by FiberglassCivic for API(s) 3.0.0
Slapper 1.6.2 by Slapper for API(s) 3.0.0, 4.0.0
BlocksConverter 2.2.2 by matcracker for API(s) 3.0.0
SizePlayer 1.1.0 by  for API(s) 3.0.0
WorldProtect 2.3.8 by aliuly for API(s) 3.0.0
EconomyAPI 5.7.2 by onebone for API(s) 3.0.0
detu 4.0.0 by CLADevs || GreenJajot for API(s) 3.0.0
MaxEnchants 1.2.1 by Xenophilicy for API(s) 3.0.0
SETVIP 2.3 by MCPEVN TEAM for API(s) 3.0.0
PayAll 1.0.0 by Julicraft_44 for API(s) 3.0.0
MSpawns 2.2 by EvolSoft for API(s) 3.0.0
BanItem 2.3.3 by LDX for API(s) 3.0.0
PickaxeFunction 1.0.0 by LetTIHL for API(s) 3.0.0
PureEntitiesX 0.7.0 by milk0417, RevivalPMMP for API(s) 3.19.0
PECollide 1.2 by saxavlax001 for API(s) 3.0.0
AutoInv 0.0.10 by JackNoordhuis for API(s) 3.0.0
MultiWorld 1.5.3 by CzechPMDevs, VixikCZ, fuyutsuki, kaliiks for API(s) 3.20.0
KygekJoinUI 1.5.1 by Kygekraqmak for API(s) 3.0.0
PurePerms 1.4.3 by 64FF00 & ProjectInfinity for API(s) 3.0.0
Shoptrademoney 2 by FurryJaki1992 for API(s) 3.0.0
MysteryCrate 9.2.0 by JackMD\RBplugin, DaPigGuy for API(s) 3.9.0
essentialsTP 1.2.2 by  for API(s) 3.0.0
Netherite 1.2.1 by Wertzui123 for API(s) 3.0.0
RenameItems 2.0 by Wertzui123 for API(s) 3.0.0
Sponges 1.1.0 by  for API(s) 3.0.0
AutoClearLagg 3.1.0 by Twisted for API(s) 3.0.0
PHP-Sell 1.2.7 by Muqsit for API(s) 3.0.0-ALPHA9, 3.0.0-ALPHA10, 3.0.0-ALPHA11, 3.0.0-ALPHA12, 3.0.0
Shield 1.0.1 by JavierLeon9966 for API(s) 3.7.0
AuctionHouse 1.2.5 by Shock95x for API(s) 3.0.0
Solo 1.0.0 by VixikHD for API(s) 3.0.0
BuilderTools 1.2.0-beta4 by CzechPMDevs, VixikHD for API(s) 3.16.0
SkyBlock 2 by Mod/Edit By RB Plugin PocketMine for API(s) 3.0.0, 4.0.0, 3.0.6
cayphattai 1.1.1 by Lettihl for API(s) 3.0.0
PlayerHead 1.0 by Enes5519 for API(s) 3.0.0-ALPHA12, 3.0.0
InvSee 1.0.0 by BlockHorizons for API(s) 3.0.0
PM-Beacons 2.0.1 by jasonwynn10 for API(s) 3.0.0
PiggyCustomEnchants 2.4.1 by DaPigGuy for API(s) 3.19.0
NickUI 1 by MatzeLP for API(s) 3.0.0, 4.0.0
BurgerSellWands 1.0.1 by Heisenburger69 for API(s) 3.0.0
LpkPointShopUI 0.0.4 by SaltyPixelDevz, LamPocketVN for API(s) 3.0.0
CustomAnvilUI 1.0.0 by ItzFabb for API(s) 3.0.0, 3.1.0, 4.0.0
PiggyCrates 2.0.9 by DaPigGuy for API(s) 3.2.0
PiggyFactions 1.2.0 by DaPigGuy for API(s) 3.13.0
FlyPE 3.8.3 by AGTHARN for API(s) 3.0.0
SpawnerGUI 1 by DandierSmile122 for API(s) 3.0.0
PureChat 1.4.11 by 64FF00 for API(s) 3.0.0
SellAll 1.3.0 by AndreasHGK for API(s) 3.0.0
AutoSell 0.1.lpk by LamPocketVN for API(s) 3.0.0
MuaPoint 0.1.lpk by LamPocketVN for API(s) 3.9.0
DLevelIsland 1.0.0 by Nguyễn Công Danh (NCD) for API(s) 3.0.0
BetterVoting 2.0.2 by Twisted for API(s) 3.0.0
PCEBookShop 1.0.3 by Aericio for API(s) 3.11.2
MuaRank_v1 1.0.0 by RB_Plugin_ForMNF for API(s) 3.0.0

----------------------REPORT THE DATA BELOW THIS LINE-----------------------

===BEGIN CRASH DUMP===
eNrtfQtz4zbS4F9BabYunjtLFqm3tyY1fs44sT36bM9kvg23XCAJSoz5Ch+yNbv579cNgCRAy5bs
UXJ3dZtKYrEJNrobjX4BJP7V8uI0pPntgqWZH0et/f5uK/dD1to3hmZ/MuyO+uPOZNIdmsPdVpGI
W+agMzLHvf64awxHvfF4stsKaJafpGmctvb/1cqXCbRqievdVsiyjM4QckSDgOQxoSRkoc1S4hWR
k0O/ZMbyYxpCq523BC6jIgjgSQ/+nPoBPprMabq/t3e0v/c5A1r3Lmn4ZXq9d8yyuzxO9qaxc8fy
Cz9i7YvpXhIUMz/K4G5e3BaJS3NmdBDDXpY6e0fnB8dske1Ba+h6LxR/xBW0SrBj2emr8QCOAIgB
MY5GINGUOvD719abLnk9zh3DGL7dJ7KJZQmoZYXyr7hu/+jMmXN3AiO6zOd+NDsJMpAqEPTGIEmI
neB/CRcYPMr2WJT7+XLvhP/ZMXqT3ia9iKcOacZufOdux49yNoMRNXhP5uqeArZgwd45/n9nPOhD
N/VNyxIYLUsQ0v4xjj5z8VS4+/0hx95bj300HjWw87uWxW+3f6ROXoAyLo9jjfqyh/7qHq5ZCmLd
Mc3h4Fns7mqsg+ex9ibDBlZxR44oohQCyVTMu8SNCztgRJ2wKFzscfh8j8bAfKLHHOnnKEbPojAm
k+dQTNPYgdkfpwLX+Hlcg/FTAshymuYCx2Q1jtoA7JgT4wk0t7dOHGV5Wjj5Tmz/xpycoAIfgfXK
zmPqsnSXSLj6eJH7Ac4E6kfn8WyGrQAJTK1fe+N/kqN9y+I2ybKEUbIsaZUsSzNLllU91x++6Dlp
MyxLTOPuWhH0zKYIMiFjgUAaAjAo0Cplvxd+ynYkaZPeP8mLjK12VVsylbC3rX/+sdti2/cP2zTT
QKFAdOtHizhYsBAMEmB3QThO3irvIgT6gWsndhmyYwzHACTKPw4oFentQxtjOGncw3/+ZgcgHfKO
/A0sdNb+EbgTZust/32Id3fkPeq6O91dAv8ab9/+HVGOuitQ2imjd+K2odz+g0NMBZIC8WkkSRAP
9ORt0bgPV/zHQIITMC++U4/FSv+yT+w4Dv7FHxwq3f0tCegSRvIpXuXcFxdT3rbkXDwpeR6pOF2u
CjVOP2fhnEYuR1LqiXhOHRrf2ykf/fEdMQbD7ltBcHOMsGFF9zQo9vcB78YEC6Tj7mMpgCFjkTuN
kyLZsVpW0e3SUSD+OPDHMLpWYTBnRHL8y1wi7nm/WoVpUJiY4joVf+wj/OvRhDi8+YgSjsRoIMnw
L/USMuc3vGi2iz+7XdZbipvMpTCq/JenIemtxpj7+MMGlAIycAi3Mi0h9LHRkCdXrPEKLfQoKI94
ptfU2nF/+2o0HujqgHaEvHtXopcjN2yQ/5jYkUbsH/+J8P4T4f0nwvtPhPf/dYS325qxiKU0wJgo
olgoaGlPAmE2jEVda2j1OqbR6SK88AMXorBx39ht+dmtyxatfW5vIexK4zx2YkDb73ehEx+DsrHJ
xszuD6kztkfMG9Ke2XXpsDsw7NFgMO51XbNr2uBCdluFpOUXP3Lj+4xc3hDBLRl2eoT3TGBWdclO
2UIoEzG7hkmuTHJMczDuMB9TcuL6GAK9JQcXx0NEjuWC/dao0++YyMc3cO+crz5nC+7exhn2fXZ5
eQMAfnHvRzx6DJMYZH8b+HZKU59lKDfqzoHXlO39loEJhjYyCDU6Rsd87zmmNxpORhOvS/t9OvAG
tmNS0wbq3e5oaHqsy0ZjNgL0LgUWICSKwz0HzKBNnbv2ggY+WBcMwkEqd1F8H72Xf5HYejhtP6Lp
kk8KaNqFvo3e+y61GeuN3T4zx0MwRYZnDk1nNKEm7bnDycQdUyDN6+uoVnYOg97pvR/2wYb34Znh
0HYoHbHBeDww+zCyA8fsOeaAjZ3BgJoNhDiVAz6VJW3m+8loMJqY477ZHw7AyPZsiPtobwRiGfUM
owe4ncnEMGwdUxDPOAazY7wHjbFBoqbjTYbMG3V70DMyPOz3uqZnwv96hkP7k0cY2kk+h9DbLQXV
e8/6oxFEWUPmmEbfc91+3xgwari0BxcTd9SzPZAWozqqkOZzSc3wPXQ6GDn22IHQlIKpnwxHIxtM
Px2Nx649MU3PHTie09NRRHZe8jN+P/HGJhDsjjwYE8ed0MFwyPp9e9hz+p4xpqPhYETZuCHc+mc7
TKoJ+v4Fs01BltI70G0hF6DJeD9xHNYfjO2x7bmsx/qu59oga2c4mHjOyB55zBzaA6eBJovi+BuT
4h28H3XtARtNeiPaHY5HY9ftYWgM0aXD7NHQHQzNydgzHbeBJAk4Bpin74d2F9hwvLHTpx6FfKk3
cSbUsGFgDLvfHQ96hsuModH6o0oJ+dw8jOMsn1JXsW8VaLdVWzUDrmiRz+M0w4jwMH745GGkRW4Y
DdFO0sTHGybMArQSPfVv+yAAAzupL8+nHw+MbuPaaFybjete47rfuB4gGSyiEFUAO+Auwc66LAHr
hSTDvSz28mMVEFKe+lbMWNYh8C1cJmbRMcqlNf10ffPLp6vzYwDdMzuDxAyzSZDjYZGCW71O6D34
iEwVoX5DFSQOeF8X5kfmQwpl82cgta6FKYT4Sq50rMCaRtNmTM7zPMnApYJ/mhd2B0z3XoNYkMJZ
tDhKaTY/9R8UEahQnX+QgMa/yq/Rfz3DYfE7kG1ZfrRwsGfPf4DQVhjVDQbzNE7Dg+mZwkIJ0eZB
p8f1Whm+3+LfYjbCf7Y1dDVGy5JEVD82YeUave3HQp3UFUhlppykCjM/gVu7ON4WIwIbRLKy982n
1k0K43Y5PVJYqED6eDxi4TRlbFsMlH1uTvhJ5MxplH/xk8+qLmlgfT4MdfI/i+DlU8o8gMRF6rB/
Xx0mYZjgslbsbou1uh8Dk9eavM15vWZBcPKQqGomIWu07OQbhM/zXXLO8puzj+fbYkmgBW6+Tq/n
mJBsyshFQY8KfcAqkMqK2dC0Ik2XP9E7H/PJbTFRdrw59T/7uUa6uG5arYbTOYs8lkZFZnQNjfLv
MMAKSsviRGzOwzGNHMjjTmkaKpyo0GeikSvfoakbX/hBnPV4xHYcR/lNXDjzC/ZVt2bG6PUMalgh
762p0y42mjqgn18LdeYIwF+tbRpSMNScis2H7aDIY5htCh8l5Hmf37oq7OUNC5Nga6a6xmhZkojN
+biMb1Qm+GXTzYx0Duj9N3q/LeI5MsuK4jx5dWQmCMKwNIUnHZrlLFVjUgWqszZoGOdFHFwDndvi
TekYolCNCsni9c3B1c3n6UoG7+/vOwwoQuyd/I7PnbslX03SjJ4CfC5voXacHSRbVLu639fFCMYT
QYLxf1uUYOpRgrE5ux+LOJq5NFI4rUDPjFVqy8XJJiu7rf73sDSXfYcMzHZ5sTk3R3EYUsB5cXmq
MKRC1wQ/l3FsXxwdftD4GneM1/JT4rMsJ3wUYa+aWsjFFS+jcc1VNVADa75oRRDn+jk5XJJLXC5z
XXIk/x6Lv1uz6zVJL8jM4yy7/a+C+lpdo4TpjDXULuEqQb9ti/4SH3qllCIRYAXh/5uw8Tn5gAmI
wkQJaTqnRqyw5cC6eEEs/TNjyX+DQfqq5gUKUKfcaIr/AFJ3ekfPtpaDVgghJq2oeEGOMy+CO5ba
8YMWrFXAJjuNgfgc5Ck9DWiSLLdmkmuUGLBxSg7jh81Z+kIjP5t/MRWGKpDOjtmY8lmRINe2vTVm
aoyWVRJR/9qEmw9BbNPgosjVaaIAmzOloW/Xc0hZl6P7rRVvshKhZc04FSFQYVkaRRtUFpd6OU0C
nnGX27ZboscXmFwa3akE4+Uz5H5IGYt+or/FW4sza4yWFW5INJYHD4LglzgNXLWAq8Ofn+Nadmm+
nv67OIIE0onjwLKQcBoE97z/l9nes2jBojxOlw3zW8MbM0Ifl5/nMf1AQ6BkmsbbGhoNqbDDFTkv
SDbdBSTZzP0p9tVYUgM3h6rBXe6H3d791oJ/ic6yqKThN6ABHL1O0Sblp599FurJgAL8P1CCkl1v
PjhXLIlTvQ5VgdYUbC8opGR+su04P+XdW1b5d/OlgJ/ZEgshelGtgjW4IW1yWOSQz3rBslFis1mU
ho362ncwVOLDCVQTsz5hwcWQg8g91DIwFdpcn2oucNAsju6XUWR0t7bCUaO0LIWUl8RljQFaPTpN
Xq5pkC+n/gMLjtlia77y89nL6s0ykV61QvBoeaD/VOK//RS/yvBfUszAWC0IqHwSt3ZkjcCyeVfl
r/94iG7m7ODbxByvsAc9rpyv5HMhSAF9i1P2ivpaSdfeKp4UQQRLiM9XiEDA14SjP9GFz9JzFkeT
yXCoiWDyUtZbp37KIIS4a6krcip+EWlXxDUuN5qGmIew9CrOac6Zqudj404js2gyvv1V1AYBm2v0
FNx2ri8FV6BmTWSicxFHzIb/yL/JmuoI2bk8On5Ldo5pNCe4lyx9Cw9dxC4+c3W4ovI16ogNEiNl
f8UrJSOptKwE2YIecOtexeBa+XzyvI80UleXS0hTOg3bRYOFH3V7xtb2OFQILQtIwN3y1Y+NAsoo
928g3j7UknsV2vCMjULe7JyGXy63xYxEB+FjTcCmUYtipkqq5OrMo8WZr9N1QfKfswdA9P3q1Q2B
Zk9yICqYd2eRF38+uz1c3l7SwqPBYUC/Mb2c+USbZzJTpdl/32w7KNWQW1ZN4AuWSpfAne+c3qgL
pRWs6V8GbZctGknDp1nxDebI57DIg2Jb46whtayKohfkd6D3X2LfbcxFDlqjsqe+zdIZ7qI88he+
s72lK0bz+Q2kV9EsWB7yHaRifiJR9a9X6PMq1HsVvtqzPvaoDVkMmyXHstmWNTcTaF9QEMKSfXYU
Q6KfNpYiG3d0t2E2GQpp7qQw/Vfw9NqtYhVGy2oQ85I88dr/xsR7Oeoo1cDnlXZbYQ72d479WVb9
exPyeXVrmsY5vgpYM6CB9aHpdcZNj+4XwXJ77hyxWRYveyWCgk0WtFZMr4vCTz2fBa66/bd8iSlP
GW5OxkXoPY1bTM2cOIrDpR7+KUBVIAMIxsyVAeC2JFJFakxQwGM1jZq1o8xf7KxZke95PpuBybeo
yL//TbZfpn30itbGm7Tog0y51ARTha5JMb6yKE7mfuA7W9NYBSUyUpGiXWxkSk5uvpypoZoENOZf
o3B2ND35ckluTg4utlb64yjx3SNc5t8oW6LLg0B7P0YA1hRifipAaCn18tt+/0XEq5PxubBTwQ/p
DafpBbrG90lreiYhDV/1526dkZ0C3VXvr9syc0ijs5yF+voMhzQNfEPFzo+/bosZQAXeVnT76jQA
kLRRR/dK+lEDfeeOPrBT+S63qoqNO2t0csur5ono/QWFhyJl/DVSn2VfVTY0uJ6TjppMhH5w1+0b
uFvtii38BQ2mFxdTfQ/k5Huq6hwn7jSyrKRA9yAIg0mmkPlih63Quqfzi4I5OYqDwNd2QtSwhtlv
LFnTB7oI6EN3e3V4BSWIADwzJ2PTnTeYwZ5Fi0ZWjpBHWyZX5OWXcZy688LPtleJd+6iEqllQXex
Hy1Eui6I2mD5Ksh9Hkdpy1cVsLHbsGlijr4xZz69wKAAbnzxH/y7o3/wDyUtizwr7nC/zh2Ehv6d
zrT5HVw72GcSujwQCZFUHnPCGKpkv9Q4KZzsKYhwRWk5Y3e4HKivKSnQppAasQtvmtLfQ3q3tUXZ
GqVlKaS8zF5NWRpmDVslYDpH/eawD/unp90u+R8Egm98d/ks8iAgzLcWmt2KDoRZ4hQpP18xuPxZ
mUDUeORKVI6bskKI1JeNFSnlxl+9invgQtJjiD3dNRkviIGWmCAtj1Kqba3RwCpPk465upJoWVVB
Gzf6T/3Zh2L5fUsbj8uLKlnfW2TUWMSP/GQZejkaZNoucQ3czD3MPyPXV3uEnFDvf/0md5bPWepr
o1nD1iRPv7A0/1b4htnbln7WGC2rIuPVQ1dj26t54vsSkFMMFTNta0INbSxa/JVsK2Rsg3GVKzRM
SRzNmMp2CflLClMQPSwHA7A/otOXvVRyFDCantPZrBEn1XB9l/WjivDNvQ+TeGu7kHOBTgRIDhIR
ABEiTFJpevGissB7kC2DIrw42tPxoY/9OG3jW3Wqiy1BzSnbeEPlgr8Q25SAeFv61S9jv7pMCQR/
5At0m+/wwPqd5k854PUr6Ote/arWMZ/1N/oCuiCq/LuZevNk9GNcZEzTbgXcHNlBc9Nq7NxNBg/f
p916WVN9YVvdzSp6QsXn9M2RPtR7jdr1gxkHsTqUeLkmG+eZwMetrUMuEN0cRgqioEXGi6qfIvYl
g/+9Yt5+oBA2H/1jz1hkhtiw6wcuS3HZVv8QgAJuDmq3bbOc9tdmQw0ZGMMt5T22IC5H4vD7ABqp
35P7aKiUF7ZWvK71XFR8Ebt75TaKq0Migm9Sf37nyRUuYaqG3zMbZC88cFfqcctpgNuLxd/1ub5D
l8mc5rn2HooCXPMuxDnLc38ebGsGOEn+gtyOL2F9ZNqnQRTgs5uITyKWDQaP93lsy5mU+CGjqyhS
f2/CINi7a8b0L1YgYI1V4lr7MU79b3G0tSKMhtSyBCUvWYmcXrQPGcXPhKmjVQObG3OMv3aHp83J
ABtTkbOeI382Wx4VWR6HK1Z9Vt3Veew3eVyZeH5PJbRECIr3mJqVwFeY1bKTvRXo9nhS5zdehJWA
Zza4XND8GzufNkd6l/S/c039G+hsBN0X/gu+ngNx4S80cld8Pqe6sybi+47v52y4mPTEt3RKAje3
qufJHd9p92j3cuNGsxTcf24X8y45p6FwWC/cjabuayy/L/PcCs70Z1wbFFooKF3IjwZsotqg2RkS
niDhnRnlm9M5roNo4QeaPHT4Gpt8ln87pbb95IbhTXa+6O5/A2Fw2l7gT/n8xYrSYzsmoGu2lq60
Xy9+3Wil5XzapnHKtIvvt2EczV4lk1PKM4lHUqngj8LmTex67/uSIV69l5DW7hPu5uPVz0cQyLWU
Dy49KcmSm8bld0uzQoRfsAqW0xP1+1X8Wq+TjJtl+IMPNx8Pri63mUmqVXblTc5rHz/OcU7VgFr2
blmc1hfUBsRnzD7ob4DUwGe83zFYbMjgr0M/YIb5smq78kmwR59428yTyN5ftsbCtUxfYpGKp6+w
GMaqJZYXeoRq8J6wHYrqlj/xTcHd1le28OMim560qyZPrMYg8fWvLazFcDTyg1T6ZpQSsuYbbgeR
mzKaffzw858RPtTYcWMNJ6j6sWlBtFEDrEDNd7eC5K6RRL42NigJfC4gqHGLUig+U//a8N1HHoTo
bz4K0Kt5m7zI2VdB0KaclgTWvzbat80/s32WBfq7Exp4TaBzOQOHgp+tH0REfCi/H80If4eEv0/y
auXdKOLB3ll0FEcz7NGyGpSvD/gZvib5Jc79SC3ra+BmEGT+CVX9NTFQVeq3OWELThjmrhqZ6w33
0clhHN/x4Fix3Qq0OdhNz8xS3/H1d7AN3N/yvP1ezduTpkl0Ata4Jky7eIV1ljj3FCx7cqrj+w63
i8ZrziVwjfJfHd4Km38Luorf2XmxX5PepnbiaqSyiRWQxC42fi8aP7ZLU+A0Z6lMuJqfHef98Y9z
d5I0TljKt0/tt6zCY573ZlrBCMw8z58RPCDGSq3ozTXNyU9FRAyTGN19o7ffG5D/1R0Rs2sa2CCM
c/edOFZjKM/l+BXSivLEDQo9eKZ7eUrwR68nK7Lyit+cVLgEhW18k/qdMTF6JgLv58BnO4Dp8i72
PITQKIqLyMGt1vxsEOrMfSZOncnexRHHhCFTW+7uhsF+1xbE0gf5UPauP0DIDMQWxi5718UrL04B
bQWT/YH8XIy9y+tkkchuXN/zfAfC+OU7Tqv4jnsep+0Mq6rRLHuHYH4CQht18d05foWkVwMzxlyl
DR7w8+745PTg8/kNQoWqtX8vWLqUfUpQCna1JAh/dxKaZfdx6r77n/wfEBM4yHZGF0w+uPDZfdsF
OeJnA971EfRgxw9t1H7ZBIzsrKAz9o6BMYJr7VPQnWWIn4J+Q1AricP1pEj5a49cXQhIj+hf50cF
IjdzljFSCoTQlJF8zkgcgbblMFmIgwOaE5sRP3KCwmUu/CCP1FVgu45DeNZDFE2sGfXYLolxXT5D
pOJoH7KMi1RiI75HYGR9z+d9wKDiCUXBUqC+ZPcVwj2XeRQGNiP3cfRDTvC1FJoSlGkILOPH2ZdI
JZ6UIri/n7OIFMkspS4g6CBKodMC4T5eEPLmlznfOICHNeGRNgQPbhLHC4A0UhqBo8vxoJi4JBmm
CwX0INuA5VxyLsTADiP4AmLAZRkK3EJ7yzHcF8euiFvZvMjdGKaEPDJqn1gt+bF+J4gzcEQtSR8E
Y/E9wekGJJUnspCFT8l/oRKKVlwfyzcd9gnaQfn4CddO+RwBCgnOHAKjCEJCjPaSSNGKJ6Q6Vw00
st/84oN44ghkTV2XpCwTQ4KixjM0SAgRL5hXnPoEBsJmSDyIiv1eUH4g1sxfQNsFDQpGdmTHYG/e
CvyiV5hM/OsNbRgGPMJiHxrI/i8LfpoW6NtBtoycG5rdEXzZGTSsI5t8Bulx1S95xobzFKKeAkYU
Hsh2Cd/3R6R1gPmyS/AQA2AHHRGXEthzhIVFBLqFTUr013zQgTfQwDR+8EH7GIgDWON6HVUEopwr
os481GR+Ihho7C7x8x/wgLCUP+gytIpclRqPkx3go4B5ZUoBcWbakuN9juyxHlOuMmkR4adlUDth
FBI+JHzxL+uQY7aQv0noz+Yw5XEReFedoFKZUDJpWiS5gArBoYBCoK/ijg82TF1+yoMrpgtdxL4L
xK+mAXUG9TAGkYO+dTTlg+Zt0UzRPu4vwA+ky3Lqiq8rEfTbRNyBeRL6OdqBkM2ovcxhBMi1EHyX
i9rPsAeJ4AbH8d7nI8E1DSb3fVugKpUv49x6PhALFozh92sQkZcyVnYq1B9Gr8CpTGYxDFyMUxn1
RHQlPgrV5uTtk27JD9DAjbc4eeH/CU4wKFrHBzro7+UDYtmEkyLNbkWaRJgRMDToY8FW1oRhzyV1
RtfsKwRyg/ELnzmSzuyHrVDK5w4nDa0LcQpwYhE4McIemFNwsx0L0sW8RadXtWYPDkQcWc1Zaeg+
3Zzsk5uPZ9fk/Ozi7IYcTKfnZyfXZHpyRSDo/PnkapdAI3LzCVqdkF8+fjo/IdOrT0cn19edx8ZC
k4w5GCqCgVjYj7mLRxOeIav8EKdSLpWZNmAsIMxwpS3ijdpY2C0NtEQIIStwDQYedA25f0oVhQpC
PInuNMJmskuJX6ABs107gtKzyZ4+oSfCGII/1nn8BOqJTA9gMBPmYKghpI2Ei9EWz1bcgOqxJKvZ
7nUl39nbpwiTUugpUpjR1IY51MYXBUTMK83WaonzaYlkyeeIfA7sf0gjfv6XRhEEgAVo6Nvd0q88
VtFSSYW79jzAJjgP66naIZ+E1xATAuKSuAjcihofXNF9RGoeshJ1wlkAlofdrsI19HnKDcwjp8vV
SuCpePTSOCzdd/m8bNNWlbc57siZHN8VekNWKNwjzbkuA1UczBRf5gBFlQrvFmEiorkycCTyVhtv
1eN4jA3lQ5wXTnTJEVxBGAEGgq4QOwQE4FChlwUoYZYVDI1JPofRnJVxLho87K+mbLccYBGByFC2
U9KDjZ+VG6ZbzryI7rKahyOaINwPixA8ODjvlJQ5CQ4ykccVcmpqSeO8kqLlM+uxDkLAn1SU8U7b
GIkX4NL72kgex+J2U/MxEkO7KXopm5cTTmCUTZt88iil7UAeyhROj4EwHhlB6IoyBVpFOCNwJfhq
OCY/+JTgt+YVHqukLPgrKcDmasSNIsWtnCXudejW6Sr+F7EcB3S/cj0QGs7jQIS5Ns2dOc8NOAMQ
sYGaSffF7aPIzORd4bJsVgW8pft8o45heRNNtDyacZe0DWV45dDyztt5SVDlWrgXqCNqnkxjIOsK
SWCmxZMPfByAkrgO+QjRKD8cE8NLcjT9vAvPAh02zMZ734UJwiOT0g5XPbR5D/tkWCcBdYaQcTkp
rTvkwAVjN6eBt4cf7uGpi8tA02V30DHBIg8qoDJtVbeqoNNTpJMHtI0Y6tKgQ5CQz9NoWob+dbKK
GQ4Sdg+OWTxaJFHSlpBHmdeFnKOZ/41VI4yJQjmw+FpAGaxBIiFURnHe/YkpHnrbIVP5TEBxPQuz
fpk5S+2QfXopnSEjMEIgwCwJeHyEqXAILKBxoCmO2lHgY62H5/h4RB/LcnJx85nTmgFbyLxd5ASr
Cnxg6w5FwtOp7VOYF218bp9TXM4Al9nFbL9Opn4kBiZRMlScw6TmLYhMpzNRCkAtj7K4dIhSR4wS
qTBtJdajeQyJN+pnmUexMnfmFtClOSUZXdQWF2s5Zc0L72qJNxDJy5EiTJKVFfxSpEjjec3rB/LV
jh9wXqTk7JjsfP18dvyW4Hcq5kAHtL8H15GkYokNVAYzrBTSq44ag4KOxLwRH4II5sLXw/OyB5l/
KZAfeHdY++IuGWIdTMy5q+ccxmWlRzokpSTlebJjuOt7y/ZD4bsqzxTCIjCLjOa10QUxiNMPy+yE
Z7ySXFApPIQXY8EodgI/Ifxp0KgLugRtwsw3jBdlOQG9ZOVSuClvl3dFt5luOsuKnl7wueEVGzEp
8LP5NBdjw1vLGVBksn7k4AdbShMpn2qLp/ZJApEZbgeR3QmHIE1b1Rt6NxrNqjwmwoeDpqvdLVtp
RcGVZbdy8A/CuMAZ7wn/JQ0AClcOPXpvtGyytAJKilfS/QKCK+6OFQRcDBET6bvNBEIbzxqA31jA
5V5zXs4IOQl4ZfeRaxfCwA4VYYANI7RJdiLOXYVeGfjK1RR3nyKZpoANNKicpEB4jQB/VZT1pA3A
ckdbnGWcaRaWv9/BO+TFbX0yH/NO+UnjGTdjKGeWoiYQcTglkbySqlRUBgr8qYYoAGebmOQNmUHy
mOlCq8tSitw6jwUnTdw99XmOCWYXUi4xckmcFEGtuPIS/SRvJQ1srzKvPA1pJ5UxRE+F1g0cqhLe
8wK2KM3tV0EDVhR5AixuCF8rx9QXVeuyrqMZC5wnbTx4/hGwmrDNG8kcYmEv1kYNZmpbrEYprecx
jh8nq4PvrHf8uOIBDOQyxNQtwy8EZsB5pjKDmalsQeoWnCluHulslrKZLBrKCqMoluDB2XePOea0
gh34dPwJz69tS6civC2amHsmsgAKU++e95lxBlRWOLSjlP7BvWujIhS6HL4V4oahF20qBYQoA89l
5f5RD2D5nVgXKeQJEWqWUsnbBRuczOkuwRcaeICQK5EhmHiPpZAdtNGyReh4xf3aPwrfRLXqoFwM
VJx7ATExxBPcPpYGSKKUuiFalP2s0ATBeVMVcj9U/YL0/4gen8KZhG4ARx6NMnbNS6DysbL43VE7
kveaPZVSXhdpSBchdEDMJ6V6JLFAJ3kl5bJONJdgboUwXZNRvrRBWKqH9Mrlwa3vVaggfwKWxGoN
WrWyVFLaT8AoTbDqV2ng06zKrCDgpbjHq7rGcAzolSO5Xw5peRd0HWt7++RXHj+BH9/lxb5/lujF
988Vd62uK3HGMMpNfVcWTMo1Pl4JWeUxeYDB44WMR/U8oca9fkC1dPs6K2XfnJLyguDSIPqi0n/W
Pe+T0/ODm33z76PdweTB2O099HbNvxt/dzFe47ZiB78+5aABfzfuCqMvrvqDt3U4KpZv9AqFsBTo
12AEZMGRB0a8Ygij6iyJOCa8SEvzXyZaabXww20X4AE36fCltqwUX7tcNgJdKePwN6fcaPHO+BMa
moJHLgJyq0DaPAjWYtM44Wk8ewAzmsls1bnD/Cbj+RjIxvYhq1iKWJO3Q56BHMiehMsqZ5jglfcB
AVKqeIHWbos95CzKyh2l/Fu/ymHWtiMPJa4guIQXuTTVYHF468Y5mFYNikvAGqBIA/Xa5W/K19ee
H/AP39WQWagdrT0Ht6Re+zAbFyoAT8xWr0NbLEiqMAwQgX5XhSWOzvYV82QhRXuSe5FMB0GMFKqQ
6+m5RsEy+z3gB4LLX6S6lcd3LIJwQuN4SfnStCnfKP/mJ+JdpwE/0eqbOEy5ag2XD6Eu0xipMbvd
nmGYuCV6evxJ49SNbzklTSCAfH04wAhEWaY1FHtSv15oLDYogEvM+HW2AHiPr5hrQOXYbNyabeCJ
70DwXFeu2nff8vBNPZKcK8FMHFUuseAOKI6y3LbIzZRrl8diox6myySPOaDH28/cR0Pma6PMZdNT
QZBQFtw4zwqhSyU5/8C47tOUV6/qB/74438D/gP2qw==
===END CRASH DUMP===
