PocketMine-MP Crash Dump Tue Jun 29 07:27:28 +07 2021

Error: Call to a member function addItem() on null
File: plugins/Detu_update1.phar/src/CLADevs/Minion/EventListener
Line: 49
Type: Error

THIS CRASH WAS CAUSED BY A PLUGIN
BAD PLUGIN: detu v4.0.0

Code:
[40]                                     $this->entica = $entity->getLevelM();
[41]                                     $this->autofix = $entity->getAutoFix();
[42]                                     $this->eter = $entity->getEter();
[43]                                     $this->playca = $player;
[44]                                     $entity->flagForDespawn();
[45]                                      $this->time = Main::get()->getScheduler()->scheduleRepeatingTask(new ClosureTask(function($_) : void{
[46]             if(--$this->seconds === 0){
[47]                 $this->playca->sendMessage("§l§cĐệ tử §f↣§r§b Bạn đã nhận được đệ tử thành công!");
[48]                 Main::get()->getScheduler()->cancelTask($this->time->getTaskId());
[49]                             $this->playca->getInventory()->addItem(Main::get()->getItem($this->playca, $this->entica, $this->eter, $this->autofix));
[50]             }}), 5);
[51]                             }
[52]                             break;
[53]                         case Item::CHEST:
[54]                             if($entity->getLookingBehind() instanceof Chest){
[55]                                 $player->sendMessage(C::RED . "§l§cĐệ tử §f↣§r§b Vui lòng loại đặt rương phía sau đệ tử, để thiết lập rương liên kết mới.");
[56]                                 return;
[57]                             }
[58]                             if(isset($this->linkable[$player->getName()])){
[59]                                 $player->sendMessage(C::RED . "§l§cĐệ tử §f↣§r§b Bạn đã kết nối rương rồi!!");

Backtrace:
#0 pmsrc/src/pocketmine/scheduler/ClosureTask(61): CLADevs\Minion\EventListener->CLADevs\Minion\{closure}(integer 377615)
#1 pmsrc/src/pocketmine/scheduler/TaskHandler(137): pocketmine\scheduler\ClosureTask->onRun(integer 377615)
#2 pmsrc/src/pocketmine/scheduler/TaskScheduler(179): pocketmine\scheduler\TaskHandler->run(integer 377615)
#3 pmsrc/src/pocketmine/plugin/PluginManager(654): pocketmine\scheduler\TaskScheduler->mainThreadHeartbeat(integer 377615)
#4 pmsrc/src/pocketmine/Server(2389): pocketmine\plugin\PluginManager->tickSchedulers(integer 377615)
#5 pmsrc/src/pocketmine/Server(2152): pocketmine\Server->tick()
#6 pmsrc/src/pocketmine/Server(1992): pocketmine\Server->tickProcessor()
#7 pmsrc/src/pocketmine/Server(1586): pocketmine\Server->start()
#8 pmsrc/src/pocketmine/PocketMine(291): pocketmine\Server->__construct(object BaseClassLoader, object pocketmine\utils\MainLogger, string[39] C:\Users\daozatien\Desktop\pmmp server\, string[47] C:\Users\daozatien\Desktop\pmmp server\plugins\)
#9 pmsrc/src/pocketmine/PocketMine(321): pocketmine\server()
#10 pmsrc(11): require(string[94] phar://C:/Users/daozatien/Desktop/pmmp server/PocketMine-MP.phar/src/pocketmine/)

PocketMine-MP version: 3.21.0 [Protocol 440]
Git commit: 82e8eb46ac8b7ef6a320da6051b755830d202b84
uname -a: Windows NT tien 6.3 build 9600 (Windows Server 2012 R2 Datacenter Edition) AMD64
PHP Version: 7.4.20
Zend version: 3.4.0
OS : WINNT, win
Composer libraries: 
- adhocore/json-comment 1.1.2@fc2f76979f0a44a5f5bc2a2b600d0762fe0e78e7
- daverandom/callback-validator unknown@unknown
- pocketmine/binaryutils 0.1.13@0abee38d4e2861621f262c79a2a3d699d8a697f4
- pocketmine/callback-validator 1.0.3@64787469766bcaa7e5885242e85c23c25e8c55a2
- pocketmine/classloader 0.1.2@9757928424652393b178a3760073113aa7c9911b
- pocketmine/log 0.2.1@830b44a2cf96ef703c550abe64302f230231ca49
- pocketmine/log-pthreads 0.1.3@e477ecf6ec214fdd4415ea1da3fdd9d73bf699ea
- pocketmine/math 0.2.6@43057cb8c179a9859677b496a788db922fd5cfc3
- pocketmine/nbt 0.2.18@9f82ca4d7f97fcd9a566e44b63c4f18a7657ae82
- pocketmine/pocketmine-mp 3.21.0@82e8eb46ac8b7ef6a320da6051b755830d202b84
- pocketmine/raklib 0.12.11@9cce458b8bfde3e4dfdbf70c659fc7b7fe26b5c4
- pocketmine/snooze 0.1.5@70b5e7937a06878dd321a3182ceb76d56298f2cd
- pocketmine/spl 0.4.2@6b08b7cf8c4afa17139c9a1b3bf1b408531de161

Loaded plugins:
FormAPI 1.3.0 by jojoe77777 for API(s) 3.0.0
detu 4.0.0 by CLADevs || GreenJajot for API(s) 3.0.0
DynamicFT 1.0.5-dev2 by OguzhanUmutlu for API(s) 3.0.0
Sponges 1.1.0 by  for API(s) 3.0.0
WorldProtect 2.3.8 by aliuly for API(s) 3.0.0
SizePlayer 1.1.0 by  for API(s) 3.0.0
EnchantUI 0.4 by UnknownOre for API(s) 3.0.0
AdvancedJoin 1.1.0 by tim03we for API(s) 3.0.0
Shulkerbox 1.1.2 by UltraFlappy for API(s) 3.0.0
AutoClearLagg 3.1.0 by Twisted for API(s) 3.0.0
AutoEXP 0.0.1 by RubyTemple for API(s) 3.0.0
LoadAllWorlds 1.1.2 by  for API(s) 3.12.0
SellExp 3.0.0 by EzMinh, LetTIHL for API(s) 3.0.0
cayphattai 1.1.1 by Lettihl for API(s) 3.0.0
Slapper 1.6.2 by Slapper for API(s) 3.0.0, 4.0.0
Huongdan 1 by rbplugin for API(s) 3.0.0, 4.0.0
Bank 1 by GreenJajot for API(s) 3.0.0
AntiVoid 1.1.0 by FiberglassCivic for API(s) 3.0.0
KeepInventory 1.0 by KhoaGamingPro for API(s) 3.0.0
KeepYourXp 1.1.1 by ArasakaID for API(s) 3.0.0
BanItem 2.3.3 by LDX for API(s) 3.0.0
GlobalMute 1.0.1 by Shelly7w7 for API(s) 3.0.0
MysteryCrate 9.2.0 by JackMD\RBplugin, DaPigGuy for API(s) 3.9.0
NoTP 1.0.7 by awzaw for API(s) 3.0.0
MaxEnchants 1.2.1 by Xenophilicy for API(s) 3.0.0
InvSee 1.0.0 by BlockHorizons for API(s) 3.0.0
PM-Beacons 2.0.1 by jasonwynn10 for API(s) 3.0.0
MSpawns 2.2 by EvolSoft for API(s) 3.0.0
BuilderTools 1.2.0-beta4 by CzechPMDevs, VixikHD for API(s) 3.16.0
essentialsTP 1.2.2 by  for API(s) 3.0.0
DancingFarm 1 by RicardoMilos384, DontTouchMeXD for API(s) 3.17.0
AutoInv 0.0.10 by JackNoordhuis for API(s) 3.0.0
Boss_Quai 2.1 by phuongaz for API(s) 3.0.0
MuaKiemUI1 2 by FurryJaki1992 for API(s) 3.0.0
BuyFix 1 by phuongaz for API(s) 3.0.0
Netherite 1.2.1 by Wertzui123 for API(s) 3.0.0
RankInfoUI_By_NaufalBlaze 1 by NaufalBlazeYT for API(s) 3.0.0, 4.0.0
PiggyCustomEnchants 2.4.1 by DaPigGuy for API(s) 3.19.0
PureEntitiesX 0.7.0 by milk0417, RevivalPMMP for API(s) 3.19.0
VanishV2 1.20 by superbobby for API(s) 3.0.0
MultiWorld 1.5.3 by CzechPMDevs, VixikCZ, fuyutsuki, kaliiks for API(s) 3.20.0
SlapperRotation 1.2.1 by jojoe77777 for API(s) 3.0.0
PiggyCrates 2.0.9 by DaPigGuy for API(s) 3.2.0
MuaCupUI 2 by FurryJaki1992 for API(s) 3.0.0
KygekJoinUI 1.5.1 by Kygekraqmak for API(s) 3.0.0
AutoXP 1.1.0 by JackMD for API(s) 3.0.0
RandomBlock1 2.0.0 by Edit By Nờ Cờ Dờ for API(s) 3.0.0
EnchantVipUI 0.6 by UnknownOreforsource|RBpmmpformod for API(s) 3.0.0
UpGrade 1.0.2 by LetTIHL for API(s) 3.0.0
SETVIP 2.3 by MCPEVN TEAM for API(s) 3.0.0
ShopXu 2 by FurryJaki1992 for API(s) 3.0.0
OffHand 2.0.4 by alvin0319 for API(s) 3.0.0
ShopUI 1.0.0 by SaltyPixelDevz for API(s) 3.0.0
PCEBookShop 1.0.3 by Aericio for API(s) 3.11.2
PointAPI 2.0.9 by onebone | Edit By Nờ Cờ Dờ (NCD) (Danh Miner) | Mod By RBplugin for API(s) 3.7.1, 3.7.0, 3.0.0
PurePerms 1.4.3 by 64FF00 & ProjectInfinity for API(s) 3.0.0
PECollide 1.2 by saxavlax001 for API(s) 3.0.0
PHP-Sell 1.2.7 by Muqsit for API(s) 3.0.0-ALPHA9, 3.0.0-ALPHA10, 3.0.0-ALPHA11, 3.0.0-ALPHA12, 3.0.0
VanillaElytra 1.0.1 by JavierLeon9966 for API(s) 3.9.0
BlocksConverter 2.2.2 by matcracker for API(s) 3.0.0
Shoptrademoney 2 by FurryJaki1992 for API(s) 3.0.0
ReportUI 1.0.0 by MasApip for API(s) 3.0.0, 4.0.0
BoostPad 1 by BoxOfDevs Team for API(s) 2.0.0, 3.0.0, 3.0.0-Alpha9, 3.0.0-ALPHA10, 3.0.0-ALPHA11, 3.0.0-ALPHA12, 3.0.0-ALPHA13, 3.0.0-ALPHA14, 3.0.0-ALPHA15
ScoreHud 3.0.0 by JackMD for API(s) 3.0.0
RenameItems 2.0 by Wertzui123 for API(s) 3.0.0
KitUI 1.3.4 by Infernus101 for API(s) 3.4.0
Solo 1.0.0 by VixikHD for API(s) 3.0.0
EconomyAPI 5.7.2 by onebone for API(s) 3.0.0
Broadcaster 1.5 by EvolSoft for API(s) 3.0.0
VanillaEnchantments 4.0.0 by TheAz928 for API(s) 3.0.0, 3.1.0
CommandsMNF 3.0.0 by NoobMCBG for API(s) 3.8.1
TradeNPC 1.0.0 by Free for API(s) 3.0.0
InvCrashFix 0.0.1 by  for API(s) 3.14.0
EnchantVipUI1 0.6 by UnknownOreforsource|RBpmmpformod for API(s) 3.0.0
PlayerHead 1.0 by Enes5519 for API(s) 3.0.0-ALPHA12, 3.0.0
BurgerSpawners 0.1.4 by Heisenburger69 for API(s) 3.0.0
SkyBlockUI 1 by BabosApple for API(s) 3.0.0
KeyShopUI 1.0 - Butterfly by Ibenrm01 for API(s) 3.0.0
NickUI 1 by MatzeLP for API(s) 3.0.0, 4.0.0
BetterVoting 2.0.2 by Twisted for API(s) 3.0.0
PickaxeFunction 1.0.0 by LetTIHL for API(s) 3.0.0
AntiToolBox 0.1 by NgLamVN for API(s) 3.0.0
CrashAndBan 0.1.0 by jasonwynn10 for API(s) 3.0.0
PiggyFactions 1.2.0 by DaPigGuy for API(s) 3.13.0
DLevelIsland 1.0.0 by Nguyễn Công Danh (NCD) for API(s) 3.0.0
PayAll 1.0.0 by Julicraft_44 for API(s) 3.0.0
BurgerSellWands 1.0.1 by Heisenburger69 for API(s) 3.0.0
LpkPointShopUI 0.0.4 by SaltyPixelDevz, LamPocketVN for API(s) 3.0.0
PureChat 1.4.11 by 64FF00 for API(s) 3.0.0
SpawnerGUI 1 by DandierSmile122 for API(s) 3.0.0
FlyPE 3.8.3 by AGTHARN for API(s) 3.0.0
AuctionHouse 1.2.5 by Shock95x for API(s) 3.0.0
MuaPoint 0.1.lpk by LamPocketVN for API(s) 3.9.0
CustomAnvilUI 1.0.0 by ItzFabb for API(s) 3.0.0, 3.1.0, 4.0.0
MuaRank_v1 1.0.0 by RB_Plugin_ForMNF for API(s) 3.0.0
Shield 1.0.1 by JavierLeon9966 for API(s) 3.7.0
SellAll 1.3.0 by AndreasHGK for API(s) 3.0.0
SkyBlock 2 by Mod/Edit By RB Plugin PocketMine for API(s) 3.0.0, 4.0.0, 3.0.6
AutoSell 0.1.lpk by LamPocketVN for API(s) 3.0.0

----------------------REPORT THE DATA BELOW THIS LINE-----------------------

===BEGIN CRASH DUMP===
eNrtfYty4zay6K/gOFs39rmSLFJvbU1q/Bw7sWd0bM9kzoYpF0iCEmOKZPiQrdnNv99uACQBWmNJ
HiXn3lubqonFJtjoRjf6BZD4554XJXOa3S9YkvpRuDfuNvYyf872xkbf7I7Mfrc7bPWNrtEfNvby
WNzqdPujXmvYH3WG5rAH/xp7AU2zsySJkr3xP/eyZQyt9sR1Y2/O0pROEXJCg4BkEaFkzuY2S4iX
h04G/RLqupcZm+8fELgI8yCA5zz4c+4H+GA8o8n48PBkfPgxBUoPXRp9oZnPwsNTlj5kUXwYz+cx
gXvAyGEc5FM/TOFelt/nsUszZrQQxWGaOIcnV0enbJEeXvsh9Hx4tmBhduWnGQtZAq1i7Fn2+mo8
gCPwQ8DRHcF4JtSBn7/sfdcm8RwfxX9x5DywbA6tDlNnxtw8AMpPgijNE3ZH04f9vnEwJrITyxK9
WJbWTfOHZ/f/6QgUf+z7YcamMMadwaBv9A6ApO+Mdf1jxxc0dOH3vtEZAAFVM8sq21mWQmjzhyi8
ycNV/Zmb9HdbXO0bg9HXe1RIa/6QrO6vs7o/IcfDCf9zTUNQxmS/3+u+3FlJV/OHOfXDu1nCqHvB
aJLZjGaruu+u7v6Wa+W+2RnW2ROEWZZGWfOHzHeq3tNVPfVe7snombWexB2Bep+j6L+IwhiNXkIx
SSIHZnWUCFyDl3H1hv2v4EozGE6BY7gax4T/BO1m++bI+Aqa+3snCtMsyZ1sP7J/Y05GjmnKTsAq
pVcRdVnSIBKuPp5nfoBTB6R7FU2n2AqQ+OH0l87oV3IytixubSyrNDeWJe0NyK4yOJZVPtgdbPeg
NDGWxcdgtHYMOmZ9DAQmMYaGNDD7BrZK2O+5n7B9Sdqo+yvZzo5W/TavJ5XhUyg72Pv1j8Ye27Xh
36H5BfIEnns/XETBgs2hHSB3YWScbK+4ixDoBq6dyGXIS7cNMLLBf3/LZn7a/AHQ+g4lb8jf8Fe2
bP4wZdkVW7Dgev/g74C4a2yHkOZZ5PlPNYxHAD33nyRKc0saMxh6Hd9ZhsrDkXW2QxYHdCkYxl8s
4Ti6m+IoSPACOj2PElC/mD6GkpLehlgKUjAsAUJwIo/HwNT+Aeet8ixwXVj3GxaD+YYJwZ1syB6J
6nQLvdz/2/0BGZNF5Lv/RIr6NYp8b7/ZlL2nDKyPm5I3b96Q9gFvPljBgDZs+FToXosJsm/tWXm7
TQeB+OPAH8NoW7nBnAHJ8C9zibjnWblp0I64SMQfmxxjG2qEhD9pIJh1SDjjYFcBGzZHyzpOCdM6
yWb82XY4I0hF2+uG0/+w9oRYhiu4enHMHRo6LOADq0iKt0Pgpbt/IDCP1gi8Nnbw/GWIEz5KlthP
YUTqxHCg9mxDn64NdWY0ajNP0Nar24E//jhokJ64t25K/4GN1k1SGwKLB47upRnogEMjyNB4fHJx
dns3xgfWTTdQU80cRdEDaP4xm/khjD0B65qhiCKPnMxYmnHl7W0y++Sc19X4ZDy+OTslLfLN+vwp
9wl/2DPDKQkiod6+orP2ICNJodBtA3R/Ct6NK69LSUrzlfrdUKEd0Haf4/Iy7A2nSvwMaeBzpDQk
D0XbOf5wbb8lJ0avv8GIJeBekpA3H2yiNcP1ovXTFFRdKi04vAdqB+yXUjQg8Pd0zvYPfj0Qgh39
zwt2taEqRzbkIwuCrksh4Tc6/n8IY/THv7Oqf2dV/86q/p1V/f+aVTX2pmiKaICpSEix6ranPQiE
2SCMqnC312mZRquN8NwP3L2xMewajT0/vXfZYm/s0SBlkO0kURY5EaDtdtvQiY+50NBkQ2Z3+9QZ
2gPm9WnHbLu03+4Z9qDXG3bartk27WEXcOeSlp8hgIgeU/L+jiCjpN/qEN4vGfXbbbJf3Be6RMy2
YZIbk5zSDKx2iGnImetjoH1Ajq5P+4gaS2/jvUGr2zKRiy/gfzhXXc4U3L2PUuz58v37OwDwi0fI
3DBlm8cRjO594NsJTXyW4qhRdwacJuzwtzQKm9BGZn5Gy2iZbz3H9Ab90WDktWm3S3tez3ZMatpA
vdse9E2PtdlgyAaA3qXAAtjIaH7oQB5rU+ehuaCBDwkppr0wJg9h9Bi+lX+R2EqWth/SZMnnBDRt
Q99G522b2hCCD90uM4d9o28antk3ncGImrTj9kcjd0iBNK+ro1rZOYi81Xnb7w6Ggy480+/bDqUD
1hsOe2YX5NpzzI5j9tjQ6fWoWUOIMzngM1nSZr4dDXqDkTnsmt1+z+yMOrYxGNLOAIZl0DGMDuB2
RiPDsHVMQTTlGMyW8Rb0xYYRNR1v1GfeoN2BnpHhfrfTNj0T/tcxHAohfx1DM864NygGqvOWdQcD
5nh95phG13PdbtfoQfTg0g5cjNxBx/ZgtBjVUc1pNpPU9N9Cp72BYw8dcIN0NOyN+oOB3R316WA4
dO2RaXpuz/Gcjo4itLOCn+HbkTc0gWB34IFMHHdEe/0+63btfsfpesaQDvq9AWXD2uBWP5vzuJye
b7eYawqyhD6AbotxAZqMtyPHYd3e0B7anss6rOt6rg1j7fR7I88Z2AOPmX2759TQpGEUfWFyeHtv
B227xwajzoC2+8PB0HU7GLEZwC2E13231zdHQ8903BqSOOAYYJ6+7dttYMPxhk6XetQYGJ2RM6KG
DYIx7G572OsYLjP6xt4fZR2Gz03I+OdHk0vFuBWQxl5l0UAF+NyHfGwWJSkGe79Fv0VsgP+hjaSx
j0BoBe3gmoUYAYPZAKcFxs6FVD9EdfoF7qWRl52qAAw/oJMKo2VJIsofWEeC6YG298Pt3c8fbq5O
AfTI7NTPkGiMQ3nZqOJDVpEqJrqcOI0JGV6Sf/2LvEsYC3+kv0XZrvh5FruiI96EkdMlsOA753cK
NxVMl0u71WuCWzF1vj5M8y8zGn6c51mQ74ofDSk4/IKizRm7jaNwKnyCZKuA6EwZNTntiIHLcLHs
9SCsEp1uTvfPURK4EBNmWKisiNfAKgcmTJehLhFwFHmw3JUoBDbLekQKYkFBnZ3bu6Obu48TjZlZ
lsUpBEgQbcxyuwWu+PAaYijPZ4Gr2smi4JvBpAArDtlYcqhxi8L0v7AJT1FVeVbAv0SkvL8r7A/E
Wv7eRKZnoQPKnH1UTV8FU4kHA6vL8qMILz4kbFfyrDBCBlwQsbl+HrkLLB65P0aIrWRHA78sDlxq
bnced8aQRGdZVNLwW4SJYI2i9QZjlgcPLLGjJ1XHKmCdqZoZ/BhkCT0PaBzvbOYpKEHjBCXH0dMW
ssqz6CSANPuKTqeqsDS4yljnubTuHrFC4u5MWgIdSAuIcJCIAIgAcdVoepG5FbZFknmULoN8fn1y
qOOTg3H2eVIbBoToExCiJH0AbnJ7ecfmcbAzja0wCr6BiM2Fikn4URBwE6m6Nx3+sraqfEBo+WpG
HqIQ0mEnigLLQsIhV+FuYgt/d8uC4OwpVuechOh6+SyeOvsCsc6sQa5Ydnd5cbUr2Qi0YBo/T25n
WGPYlBGHLiGtzzLqK7wowLpEaloGbGT+LNgVG06cbSEDtDG6b5UQneh+3egVzepEN2QA/EriU4F2
cwYucoiyXKo6pBKksaCTn9hyHXjH9M9k33M2t6ziYnNujmn4oHDCL1/gYvfZRIXRsuab+pow8z9F
vqva1wK0Jh44922WTLEsceIvfGdXXBwnjGazO4qLX8HymJdkwN5Koqpfr3A2q1AflvhgNH5iLC4X
K5Uh0eG19EoflZ9mEX0HWU84hUB4V2OiIbUsjZzNFRQf++8oTz7HNdYkcI2pO0poSh/o5emuuCoR
Co4EFVvNN1xi1acch9QTrU7NZp9+3hULgMqyZLebUb5CLQFJ8/pkcnZY0A/MvQsimwbXecYU/hRg
PcWvyep2Bt54OXjcWeUlLRBa1pRTASk+hEEaRWsldr3ENHF5klCNLQ2sMjZqmfXp9SN1Hq5BYW6O
pQ9o7J3SiT99l+vx++j1rBZdqGS9WrYC2aHGIozE++hODWn5ZV2kg1p54PELfdxZdQCRWVYYZfGr
WRMEoVjpk8xI1cBWheqsmXVt/czCKJ75ge/sLAlTUCKDJSnaxSY6C3b2lqnaKgF1adX09DiInIeL
KPG/RGG6M9eoIrUsQYllifW9TZiZXDePGcWVQnWpqgLqhvOZVfmNplH4uAxDo72zim6F0rJsTgYY
1JKc9SblFreiaXonITovtQj4bBEFt0DSrtiQnYJ2lb1vUGN7fHxsMaAEsbayB+7UcF2OJXeQm6lM
aeD6bGo3bZbRWgXq5AtzZpNrLC/DjU/+k/9woXtuo/8NeQpij+cuL17bgrgMiQPh6aRua1UUug81
VLh3NU1xgxQNUs16auD64Jh/Rk1R7dGyav2vL97T0IFQ7pwmavCiQl9IG258hyZudO0HUdrhS0+n
UZjdRbkzu2afaxIevJ5FDatlKdRpF5vWs8BW1Uo4CHlWwlnh7d9HUeLOcj/dnclxHsICqSho+eFC
lHQEUetDzyhN7/8r12oGFUy3PDX5xTyxpF92xU2BD+lPKBIBUxD+v5HxzOlPPpt/vDRU+1kBNUZq
yV+eJMsfIZPCbTI7s6Jl11tkAfny3H/STCUHvDCFdi0C0ePmJL9n2YwlvhYDV7A1sdLPYGi/5L5h
dnZFfoXRskoyXh0VVtgOK56A6RsaPlyGXvTx8v54ef+e5h4NjgP6RR2Er7d5QZpKs/++23VJSEMO
WUdJ4ObShuRkujzJ0yyar4iSV93V7Ue3rgEr8x3jGxKeAqFlraBmJfAVelF0crgC3SEfpzxhZ7j9
2WfpZ3WENLjuMQb1sHvuBw/troGp0w1b+AsaTK6vJzsbqUTgxB1ilhXnWG8ThMEoKWRuvcKq0Hqo
8wsD84mGfjr7ZCpjUoJqxqI2Gmke4yKYbe8sraowWlZBRPVrM58TZD5f7dB8TgnUOerVazcrwtqT
f/D3T5d5luYP6H0faOD7D3q8YLZ3FOzOkVS+WgImQCX7WwJdBVFV17+JMprxgajX98s7a3zF7jfg
1AjY1gpi+eO59RPQeu452sDqbb0GttLeft0Scsq0i2+3fBzNoQy/TvJY215Qgv4HQi/e8RbV5OWU
PeAqvcaACq1P5Zp28qYJ/X1OH3ZWJ69QWpZCynZr789Wmz9P1q2FiDLfrtgoKpCi72+tPUoORAzm
RnNeRTL0sKsC16dhffnW9TNyvCTv+TseLjmRf0/F350ttVckbS47OaE/+fGqLTsCrMcP/a/t2vEA
EuWJw/51c4zeHr+8ELm738tjlJt5OHmb8/oxfpdQVw2eC0i9MGk+W7De5bp7vsWCze3Z3adLdW5J
QG25RqcXF0Y+vSd3Z0fXO7N1HCW+O4Gjvtkmoyj+nGsbjDjgr7bSGlLcXIRUbC6AD56H7w8pfBSQ
+qzv1rcmLvyw3TFGu9udKBFaFpAA+u+WPzaVhzbHJWBNUf6WBtly4j+xAKKunaX/Hy+323EyOTk7
jqIHfEgNhRRonY3alDiCpNrx9cVlA/cKvcTA1yKfry7Oik4g+KkI0y5e4ZAkzkMFi0j9wEln+hbz
ErQmLIxCZsM/8i+yxjOR/fcnpwdk/5SGM4Lv5SQH8NB15OIz5WqiOqQDHrB0ZJL5TSoiqYScEdmC
HmAkKwbXawykhBOWzNNaWixgurZ069rS756ft9vkf5FJEuH7X5eh54d+trOU8F50IDJgTpHy8xVK
wp+Vm4srPDgKZydREPia06tgtVSolgjTJ7oI6FO7bewsE65QgliZI8jYZIc15+Vi0sQNcyorBaie
1NXWga/z3wFRnY3m0dXk4mhUKKq4NNq1a6N2bX6rYiPBF9x6b2r9sFYQBPQsWGYJrZU0Kvia7Q0/
0oXPkisWhaNRv/9tC/97537CIKF/2FMDcBW/KHCUxNUuNypSYyCbnkQhcJVpO/bqd2qrlnVFntPM
SSCsX7F575USrDBaVo2YbVaW0ZZnGH/Owc4ta55ZufFXR0xH7twPDREqVWRsrq43LI4S/RWAErQm
2rim6VEM8eWOS9IJ796yir+bywh8bppNqKstWknQCwX24+jpg8ffgbpjdK6wU6SHHfVv8yiIZ/TV
hkhed2rX3dp179VrNQUzoO3A9xbJC76eepGrg1eC1mx5/nOKA0Xv2+gyEo47zFJNnStoLdj6K1ee
FDJ2sfakcoXFKl+fw+K6/v5iLeuBSIklYZ4ataih+y3vl5UoLYsTsYUGRkGkah9erjFBq7Z9fIO8
FohuBhoHNnSR8oD2Q8g+pfC/V0jrHZ3Th5N/HBqL1ODlGycKo/lSzwMUoMprD6Jyc2UmsCtey5Cd
CQp40K5Rs97eJtDC4a/GqSZXgdYqpH/uHiWlYzB+GhWv26tUhEEim8Q39tMVAZ16d827tnczdvRl
ZA5XuEzxhtNr9VaQYlknYDJf85KSpOtwFU8wECfRfA5BcHr9/lwZABW6xkO8jyL7+uT4ncb4sGW8
etla4rMsZ+5umpPcYXj0fnKisFCC1tiZ84TtbOIVfW5uGC/DxUlC05m+D0SFvvyqmFZH+QbjPueZ
mWX54cLBnj3cFLJ5eKYWgo2v1K+N/9sK2KZewN5i4454B/iCafGoAnzxLYuzkKW93vN65K7y2gI/
fpiooEj9vdnOpGTKEr4flCX6Zk7thi5Rox6FXDA/ZaHNn+nvrACrY8VdmypNr47AasRi1PKw5Gml
Xq6tgC8lHtSOIIXa4RucVb/bvDWzfFZurmA1LSVNcpxn4FS9YFkLJm0WJvPd1Z8KfPjuTEXM+r1n
fk0UEvCCGK5p9oVdTeqEN0j3G+sOXyC6CqH73N9oOjEc108Rfg5UnUwquF4sNv+Ed6LXbCEoX5S2
OWELThhuadfI3GC/hPNAn9i5/MSptmdCv7PGNe94vS8WvW+xoB5mPm7gPtZe0FehNftXi4ymV3T+
6f2uyJfoxFuEkoBNfbRi5gqqMPZDT38Uusfaa6wqtG7f23/tSxUKKVtu1zmnXMOebdgp4c9eRNhk
o2Jn6wmnZV18q5SE7DW+sn/y4uankxnFL66UNZqvbvIpuKldfvNGnxIR7vjn35a+TAN99VUDr5nH
76dAMX67sxfi0pb42i/hq1l8ZWsr3dGHtPiA0ovzJl+y8CQKp9ijZdUoX69PdHmkr3YIwBqmf8wD
H0JpL7vvdl/N4Eu1NAU/yJ/TtM3Wcx4zsSD4mYbuigivvLNmOeMbQrwNGf1KuFcQuMVnLOIHvnL5
LCSq3ahnXN2XVuIbBMyp+GLilqZeXSfeQI2vJj+h8Rf2QlC6kPsoNpnvMN1TJDxGwltTWqzNcluj
L81K86OvzBrGqqXZLRkul0S/EpkoBqz4iW+iN/Y+s4Uf5enkrFk2+coqLhJf/drBGi5Hw7/uxfOL
d3oyUAFfiELB7rg+qOzcD5hhbrc+pHyw7lnutdn8kb1vPk/Og+XkTP1kHr/Wy0DDZxs73t1dHN18
Y7Cj23Z1JV7Zpn3r42dsruhSUQHZu2VxWrfZMsm16QJ0i2kbJxVwPVLo1V9Xh8k/6j3tknO1/qO+
xy56wve+OH0zpA+3WmrUbvLqFDc9+t5dAaoHfEH8UIvJv2LtRlu57dL0vWTwqp5wu7ogsPq1CafC
WB6FCz/Qpq0OX+PIL7Mv59S2v1rY3WRNdOughdO2uR7DoOD7PfeL2ttwBXANizfH98Lk3QNpWPPd
2qxLY1sZK3XybiJtSexiiyrc7Qw/7Ket13PA6zdgrHvntNxz+OIap77/QhBV/N30+1R6xFlA1ny0
FDKlhNH04t1Pf0YcVmHH7aecoPLHRmzJAtaKWtpLWyuuI/ew2B93c0yEnpLqG9Vf3aMgyqj9b/JA
ohe++0NR1eUkwO8Uib/rFydwE3ttw1QJerW9XSvUQjKbWtiCpOrXeqHix3ZpAixlLJEhbf2b47x/
/nHuVpxEMUv4S2bjPSv3mOd9NylhBDI0z58SPJTJSqzwu1uakR/zkBgmMdpjozPu9Mj/bg+I2TYN
bDCPMveNOO+hL0+L+KXdGv0qz4Wg0INnuu/PCf7odKSqySt+c1TiEhQ2cVfKG2NkdEwEPs6Az2bg
p9mbyPMQQsMwykMHvyDKD6+gDkxqcdRT+iYKOSYMz5ryo6Ug1zdNQSx9kg+lb7o9hExh2OaRy960
8cqLEkBbwmR/MH4uFgGK63gRy25c3/N8J4eA/g2nVXzFPYuSZopfdQun6RsEB5jqNlHp3lzhm2+d
Cpgy5ipt8EitN6dn50cfr+4QKhSr+XvOkqXsU4ISmCEFQfi7FdM0fYwS981/8v9gmECBmildMPkg
GMTHpuuLM2DedBH0ZEdPTVRz2QSS8WlOp+wNC6d4rX0KurWc46egv+OHABGH60me8Le4uLoQGD2i
qR5XIHI3YykjxYAQmjCSzRiB6ZzCD1AvBwWaEZsRP3SC3GUu/CDP1FVgu43m8KyHKOpYU+qxBonw
leEUkYqjdsgyyhOJjfgeAcn6ns/7AKHisWDBUqB+zx5LhIcu8ygINiWPUfh9RvClNZoQHNM5xbOE
gmCJVOJpLIL7xxkLSR5PE+oCghaiFDotEI7xgpDvfp7xd5rxeDQ8c4XgUWnicAEYjYSGaUAzPJkp
KkiG6UIBPYxtwDI+ci6kYQ4jM36QB0LmArfQ3kKGY8IPARC30lmeuRFMCXlI25hYe/Jj/XjWCXOt
PUkfGKvokeB08/GMHZGCkYVPyX+hEopWXB+LD/iOCVo9+fgZ1075HAEKCc4cAlKEQUKM9pLIoRVP
SHUuG2hkf/ezD8MThTDW1HVJwlIhEhxqPEKDzMEVQoiDU5+AIGyGxMNQsd9zyo+gm/oLaLugQc7I
vuwY7M2BwC96hcnEd8I1QQx4gsUYGsj+3+f8/DrQt6N0GTp4pAnBnZ6gYS3Z5COMHlf9gmdsOEvA
f+UgUXggbRD+tieR1gHmS4PgIQbATsoPxYNRAnuOsHkegm5hkwL9LRc68AYamERPPmgfg+EA1rhe
hyWBOM4lUZceajI/gw80tkH87Hs8ki/hD7oMrSJXpdrjZB/4gPyFmHKAODNNyfGYI3uux5SrTJKH
+E1Q1E6QQsxFwr/rkrbIKVvI32TuT2cw5TGvaqgTVCoTjkyS5HEmoGLgcIDmQF/JHRc2TF1+yoMr
pgvF09uA+NU0oM6gHkYw5KBvLU35oHlTNFO0j/sL8APJspi64lNlBP04EXdgnswhJgKpz9mU2ssM
JEBuxcC3+VD7KfYgEdyhHB99LgmuaTC5H5sCVaF8KefW84FYsGAMP9GHiLyEsaJTof4gvRynMplG
ILgIpzLqiehKfGGtyckbk3bBD9DAjbc4eeH/CU4wSFrHBzrob+UDUtGYkyLNbkmaRJgSMDToY8FW
VoRhzwV1RtvsKgRyg/EznzmSzvT7nVDK5w4nDa0LcXJwYiE4McKemJNzsx0J0sW8RadXtmZPDkQc
acVZYeg+3J2Nyd3F5S25ury+vCNHk8nV5dktmZzdEAg6fzq7aRBoRO4+QKsz8vPFh6szMrn5cHJ2
e9t6biy0kTF7fWVgIB/1I+7i0YSnyKozY9yY83EpzbRBxFmL0hbxRk18+bkw0BIhhKzANRh40DWf
HyC3WhWFCkI8ie40xGayS4lfoAGzXTmCwrPJnj6gJ8IYgj/Wev4E6olMBkCYMXMw1BCjjYQLaYtn
S25A9VicVmx32pLv9OBrhMlR6CijMKWJDXOoia+RiJhXmq3VI86nJZIlnyPyObD/cxrmPLxRKYIA
MAcNPWgUfuW5ihZKKty15wE2wfm8mqot8kF4DTEhIC6J8sAtqfHBFT2GpOIhLVDHnAVgud9uK1xD
n+fcwDxzulytBJ6SRy+J5oX7Lp6XbZqq8tbljpxJ+a7QG7JC4Z5pzm0RqKIwE3zVBxRVKrybz2MR
zRWBI5G3mnirkuMpNpQPcV440QVHcAVhBBgIumLYISAAhwq9LEAJ0zRnaEyyGUhzWsS5aPCwv4qy
RiFgEYHIULZV0IONXxw3TLecWR4+pBUPJzRGuD/P5+DBwXknpMhJUMhEpGeCmmqkcV7JoeUz67kO
QsAfl5TxTpsYiefg0ruaJE8jcbuu+RiJod0UvRTNiwknMMqmdT55lNJ0IA9lCqenQBiPjCB0xTEF
WkU4I3DF+MoMJj/4lOC34hUeK0dZ8FdQgM3ViBuHFL92X+Beh26druK/kGUo0HHpeiA0nEWBCHNt
mkG+jbkBZwAiNlAz6b64fRSZmbwrXJbNyoC3cJ/fqTIsbqKJTpYZom+QpqGIV4qWd97MCoJK18K9
QBVR82QaA1lXjARmWjz5wMcBKIlrkQuIRvkhyRhekpPJxwY8C3TYMBsffRcmCI9MCjtc9tDkPYxJ
v0oCqgwh5eOktG6RIxeM3YwG3iG+aspTF5eBpsvuoGOCRR5UQGXaqm5VQaenSGdPaBsx1KVBiyAh
HyfhpAj9q2QVMxwk7BEcs3g0j8O4KSHPMq9rOUdT/wsrJYyJQiFY/GJhEaxBIiFURnHe3ZEpHjpo
kYl8JqC4doZZv8ycpXbIPr2ETpERkBAMYBoHPD7CVHgOLKBxoAlK7STwsdbDc3w8oI+lGbm++8hp
TYEtZN7OM4JVBS7YqkOR8LQq+zTP8iY+N+YUFzPAZXY+HVfJ1A/EwCRKhoozmNS8BZHpdCpKAajl
YRoVDlHqiFEgFaatwHoyiyDxRv0s8ihW5M7cAro0w5NtF5XFxVpOUfPCu1riDUTy4qMIk2RlBQ9E
EWk8r3l9Tz7b0RPOi4RcnpL9zx8vTw8Ivr83Azqg/SO4jjgRq7ygMphhJZBetdQYFHQk4o24CEKY
C5+Pr4oeZP6lQL7n3WHti7tkiHUwMeeunnMYFZUe6ZCUkpTnyY7hru8tm0+576o8UwiLwCwymlVG
F4ZBnH1YZCc845XkgkrhibUYC4aRE/gx4U+DRl3TJWgTZr7zaFGUE9BLli6Fm/JmcVd0m+qms6jo
6QWfO16xEZMC91DTTMiGt5YzIE9l/cjB78sXJlI+1RRPjUkMkRmuR8nuhEOQpq3sDb0bDadlHhPi
w0Hd1TaKVlpRcGXZrRD+0TzKccZ7wn9JA4CDK0WP3hstmyytgJLilXS/gOCGu2MFAR+GkIn03WYC
oY0bz+E3FnC515wVM0JOAl7ZfebaxWBgh8pggA0jtE52LI5dhV4Z+MrVFLe/RjJNABtoUDFJgfAK
Af4qKetIG4DljmYeu/jNJs3C8iNweIe8uK1P5lPeqc3fpuVmDMeZJagJRBxOSSSvpCwVFYECf6o2
FICzSUzyHZlC8pjqg1aVpZRxaz0fOGniHqnPc0wwu5ByCcnFUZwHleLKS/STvJU0sJ3SvPI0pBmX
xhA9FVo3cKhKeM8L2KI0Ny6DBqwo8gRY3BC+VsrUF1Xroq6jGQucJ+BEXfYMWE7Y+o14BrGwF2lS
g5naFNtVlNazCOXHyWrhqxItPyp5AAO5nGPqluIHz1LgPFWZwcxUtiBVC84UN490Ok3YVBYNZYVR
FEvwROyH5xxzWsEOfDj9gKfXNqVTEd4WTcwjE1kAhan3yPtMOQMqKxzaUkr/4N41qQiFLsS3YrhB
9KJNqYAQZeC5rNw/6gEsvxPpQwp5QoiapVTyGmCD4xltEPxWNQ8QMiUyBBPvsQSygyZathAdr7hf
+Ufhm6hWHZTrfopzzyEmhniC28fCAEmUUjdEi6KfFZogOK+rQubPVb8g/T+ix6dwJqEbQMmjUcau
eQlUPlYUv1tqR/JevadilNdFGtJFCB0Q80mpHkks0ElWjnJRJ5pJMLdCmK7JKF/aICzVQ3rl8uDW
90pUkD8BS2K1Bq1aUSop7CdglCZY9as08GlaZlYQ8FLcelReYzgG9EpJjguRFndB17G2Nya/8PgJ
/HiDF/t+LdCLg6sUd62uK3HGMMpNfFcWTIo1Pl4JWeUxeYDB44WUR/U8ocZNx0C1dPs6K0XfnJLi
guDSIPqiwn9WPY/J+dXR3dj8+6DRGz0Zjc5Tp2H+3fi7i/EatxX7eKiigwb8zbAtjL646vYOqnBU
LN/oFQphKdCvgQRkwZEHRrxiCFJ1lkScEp4nhfkvEq2kXPjhtgvwgJt0+FJbWgxfs1g2Al0p4vDv
zrnR4p3xJzQ0OY9cBORegTR5EKzFplHM03j2BGY0ldmq84D5TcrzMRgb24esYiliTd4OeQZyIHsS
LquYYYJX3gcESIniBfYae+wpY2FabG3nL4Uqh1nbjjyUuITgEl7o0kSDRfN7N8rAtGpQXALWAHkS
qNcuP/qkuvb8gL8eXEGmc+1o7Rm4JfXah9m4UAF4YrZ6PbfFgqQKwwAR6HdVWOzobN8wTxZStCe5
F0l1EMRIcxVyO7nSKFimvwf8QHD5i5S3suiBhRBOaBwvKV+aNuUHTL/4sfjIYo+/3vhFHKZctobL
p7k+phFSY7bbHcMw8csTk9MPGqdudM8pqQMB5OviACMQpqnWUGyV/HytsVijAC4x49fZAuAjfv1a
AyrHZuPnSw087x0InunKVfnuex6+qUeScyWYiqPKJRbc7cNRFvuZuJly7eJYbNTDZBlnEQd0ePup
+0xkviZlPjYdFQQJZc6N8zQXulSQ8w+M6z5MePWqeuCPP/4PNWTLww==
===END CRASH DUMP===
